2013-07-18 03:40:11 - INFO - AWT-EventQueue-0 - [SimpleNotifier]: Simulation Moving ended!
2013-07-18 03:40:24 - INFO - main - [ProcessingSimulator]: starting simulation: simpleDistance
2013-07-18 03:40:49 - INFO - AWT-EventQueue-0 - [SimpleNotifier]: Simulation simpleDistance ended!
2013-07-18 03:42:10 - INFO - main - [ProcessingSimulator]: starting simulation: simpleDistance
2013-07-18 03:42:27 - INFO - AWT-EventQueue-0 - [SimpleNotifier]: Simulation simpleDistance ended!
2013-07-18 03:43:05 - INFO - main - [ProcessingSimulator]: starting simulation: simpleDistance
2013-07-18 03:43:33 - INFO - AWT-EventQueue-0 - [SimpleNotifier]: Simulation simpleDistance ended!
2013-07-18 03:55:25 - INFO - main - [ProcessingSimulator]: starting simulation: BoxStack
2013-07-18 03:55:32 - INFO - AWT-EventQueue-0 - [SimpleNotifier]: Simulation BoxStack ended!
2013-07-18 03:55:45 - INFO - main - [ProcessingSimulator]: starting simulation: BoxStack
2013-07-18 03:56:06 - INFO - AWT-EventQueue-0 - [SimpleNotifier]: Simulation BoxStack ended!
2013-07-18 03:56:10 - INFO - main - [ProcessingSimulator]: starting simulation: BoxStack
2013-07-18 03:56:17 - INFO - AWT-EventQueue-0 - [SimpleNotifier]: Simulation BoxStack ended!
2013-07-18 03:56:47 - INFO - main - [ProcessingSimulator]: starting simulation: BoxStack
2013-07-18 03:56:52 - INFO - AWT-EventQueue-0 - [SimpleNotifier]: Simulation BoxStack ended!
2013-07-18 03:57:01 - INFO - main - [ProcessingSimulator]: starting simulation: BoxStack
2013-07-18 03:57:08 - INFO - AWT-EventQueue-0 - [SimpleNotifier]: Simulation BoxStack ended!
2013-07-18 13:30:44 - INFO - main - [ProcessingSimulator]: starting simulation: BoxStack
2013-07-18 13:32:04 - INFO - AWT-EventQueue-0 - [SimpleNotifier]: Simulation BoxStack ended!
2013-07-18 13:32:53 - INFO - main - [ProcessingSimulator]: starting simulation: BoxStack
2013-07-18 13:33:42 - INFO - AWT-EventQueue-0 - [SimpleNotifier]: Simulation BoxStack ended!
2013-07-18 13:34:02 - INFO - main - [ProcessingSimulator]: starting simulation: BoxStack
2013-07-18 13:34:28 - INFO - AWT-EventQueue-0 - [SimpleNotifier]: Simulation BoxStack ended!
2013-07-18 13:36:24 - INFO - main - [ProcessingSimulator]: starting simulation: BoxStack
2013-07-18 13:36:31 - INFO - AWT-EventQueue-0 - [SimpleNotifier]: Simulation BoxStack ended!
2013-07-18 13:36:44 - INFO - main - [ProcessingSimulator]: starting simulation: BoxStack
2013-07-18 13:37:07 - INFO - AWT-EventQueue-0 - [SimpleNotifier]: Simulation BoxStack ended!
2013-07-18 13:37:46 - INFO - main - [ProcessingSimulator]: starting simulation: BoxStack
2013-07-18 13:38:07 - INFO - AWT-EventQueue-0 - [SimpleNotifier]: Simulation BoxStack ended!
2013-07-18 13:38:50 - INFO - main - [ProcessingSimulator]: starting simulation: BoxStack
2013-07-18 13:38:57 - INFO - AWT-EventQueue-0 - [SimpleNotifier]: Simulation BoxStack ended!
2013-07-18 13:39:27 - INFO - main - [ProcessingSimulator]: starting simulation: BoxStack
2013-07-18 13:39:46 - INFO - AWT-EventQueue-0 - [SimpleNotifier]: Simulation BoxStack ended!
2013-07-18 14:30:55 - INFO - main - [ProcessingSimulator]: starting simulation: BoxStack
2013-07-18 14:31:42 - INFO - AWT-EventQueue-0 - [SimpleNotifier]: Simulation BoxStack ended!
2013-07-18 14:31:55 - INFO - main - [ProcessingSimulator]: starting simulation: BoxStack
2013-07-18 14:32:41 - INFO - AWT-EventQueue-0 - [SimpleNotifier]: Simulation BoxStack ended!
2013-07-18 14:34:05 - INFO - main - [ProcessingSimulator]: starting simulation: BoxStack
2013-07-18 14:34:36 - INFO - AWT-EventQueue-0 - [SimpleNotifier]: Simulation BoxStack ended!
2013-07-18 14:35:14 - INFO - main - [ProcessingSimulator]: starting simulation: BoxStack
2013-07-18 14:36:18 - INFO - AWT-EventQueue-0 - [SimpleNotifier]: Simulation BoxStack ended!
2013-07-18 14:36:26 - INFO - main - [ProcessingSimulator]: starting simulation: BoxStack
2013-07-18 14:37:16 - INFO - AWT-EventQueue-0 - [SimpleNotifier]: Simulation BoxStack ended!
2013-07-18 17:43:15 - INFO - main - [ProcessingSimulator]: starting simulation: Moving
2013-07-18 17:43:49 - INFO - AWT-EventQueue-0 - [SimpleNotifier]: Simulation Moving ended!
2013-07-18 17:44:28 - INFO - main - [ProcessingSimulator]: starting simulation: simpleDistance
2013-07-18 17:45:08 - INFO - AWT-EventQueue-0 - [SimpleNotifier]: Simulation simpleDistance ended!
2013-07-19 03:40:09 - INFO - main - [ProcessingSimulator]: starting simulation: Moving
2013-07-19 03:40:23 - INFO - AWT-EventQueue-0 - [SimpleNotifier]: Simulation Moving ended!
