2013-07-18 03:56:10 - INFO - [ConfigurationFactory]: xml file: beans-pePpe.xml
2013-07-18 03:56:10 - INFO - [ConfigurationFactory]: default properties file: defaultContext.properties
2013-07-18 03:56:10 - INFO - [ConfigurationFactory]: aabbManager: it.gius.pePpe.aabb.sap.AABBSweepAndPrune
2013-07-18 03:56:10 - INFO - [ConfigurationFactory]: aabbUpdater: it.gius.pePpe.aabb.AABBUpdater
2013-07-18 03:56:10 - INFO - [ConfigurationFactory]: distance: it.gius.pePpe.distance.GjkDistanceWitnessCacheStrategyImpl
2013-07-18 03:56:10 - INFO - [ConfigurationFactory]: distance2: it.gius.pePpe.distance.GjkDistanceStatelessImpl
2013-07-18 03:56:10 - INFO - [ConfigurationFactory]: collision: it.gius.pePpe.collision.FullDistanceCollision
2013-07-18 03:56:10 - INFO - [ConfigurationFactory]: simulator: it.gius.pePpe.simulator.processing.ProcessingSimulator
2013-07-18 03:56:10 - INFO - [ConfigurationFactory]: singleStepIntegrator: it.gius.pePpe.integrator.RK4Integrator
2013-07-18 03:56:10 - INFO - [ConfigurationFactory]: doubleStepIntegrator: it.gius.pePpe.integrator.EulerIntegrator
2013-07-18 03:56:10 - INFO - [ConfigurationFactory]: contactManager: it.gius.pePpe.contact.ContactManager
2013-07-18 03:56:10 - INFO - [ProcessingSimulator]: starting simulation: BoxStack
2013-07-18 03:56:13 - DEBUG - [EpaAlgorithm]: max iterations: 5
2013-07-18 03:56:17 - INFO - [SimpleNotifier]: Simulation BoxStack ended!
2013-07-18 03:56:46 - INFO - [ConfigurationFactory]: xml file: beans-pePpe.xml
2013-07-18 03:56:46 - INFO - [ConfigurationFactory]: default properties file: defaultContext.properties
2013-07-18 03:56:46 - INFO - [ConfigurationFactory]: aabbManager: it.gius.pePpe.aabb.sap.AABBSweepAndPrune
2013-07-18 03:56:47 - INFO - [ConfigurationFactory]: aabbUpdater: it.gius.pePpe.aabb.AABBUpdater
2013-07-18 03:56:47 - INFO - [ConfigurationFactory]: distance: it.gius.pePpe.distance.GjkDistanceWitnessCacheStrategyImpl
2013-07-18 03:56:47 - INFO - [ConfigurationFactory]: distance2: it.gius.pePpe.distance.GjkDistanceStatelessImpl
2013-07-18 03:56:47 - INFO - [ConfigurationFactory]: collision: it.gius.pePpe.collision.FullDistanceCollision
2013-07-18 03:56:47 - INFO - [ConfigurationFactory]: simulator: it.gius.pePpe.simulator.processing.ProcessingSimulator
2013-07-18 03:56:47 - INFO - [ConfigurationFactory]: singleStepIntegrator: it.gius.pePpe.integrator.RK4Integrator
2013-07-18 03:56:47 - INFO - [ConfigurationFactory]: doubleStepIntegrator: it.gius.pePpe.integrator.EulerIntegrator
2013-07-18 03:56:47 - INFO - [ConfigurationFactory]: contactManager: it.gius.pePpe.contact.ContactManager
2013-07-18 03:56:47 - INFO - [ProcessingSimulator]: starting simulation: BoxStack
2013-07-18 03:56:49 - DEBUG - [EpaAlgorithm]: max iterations: 5
2013-07-18 03:56:52 - INFO - [SimpleNotifier]: Simulation BoxStack ended!
2013-07-18 03:57:00 - INFO - [ConfigurationFactory]: xml file: beans-pePpe.xml
2013-07-18 03:57:00 - INFO - [ConfigurationFactory]: default properties file: defaultContext.properties
2013-07-18 03:57:00 - INFO - [ConfigurationFactory]: aabbManager: it.gius.pePpe.aabb.sap.AABBSweepAndPrune
2013-07-18 03:57:00 - INFO - [ConfigurationFactory]: aabbUpdater: it.gius.pePpe.aabb.AABBUpdater
2013-07-18 03:57:00 - INFO - [ConfigurationFactory]: distance: it.gius.pePpe.distance.GjkDistanceWitnessCacheStrategyImpl
2013-07-18 03:57:00 - INFO - [ConfigurationFactory]: distance2: it.gius.pePpe.distance.GjkDistanceStatelessImpl
2013-07-18 03:57:00 - INFO - [ConfigurationFactory]: collision: it.gius.pePpe.collision.FullDistanceCollision
2013-07-18 03:57:00 - INFO - [ConfigurationFactory]: simulator: it.gius.pePpe.simulator.processing.ProcessingSimulator
2013-07-18 03:57:00 - INFO - [ConfigurationFactory]: singleStepIntegrator: it.gius.pePpe.integrator.RK4Integrator
2013-07-18 03:57:00 - INFO - [ConfigurationFactory]: doubleStepIntegrator: it.gius.pePpe.integrator.EulerIntegrator
2013-07-18 03:57:00 - INFO - [ConfigurationFactory]: contactManager: it.gius.pePpe.contact.ContactManager
2013-07-18 03:57:01 - INFO - [ProcessingSimulator]: starting simulation: BoxStack
2013-07-18 03:57:08 - INFO - [SimpleNotifier]: Simulation BoxStack ended!
2013-07-18 13:30:43 - INFO - [ConfigurationFactory]: xml file: beans-pePpe.xml
2013-07-18 13:30:43 - INFO - [ConfigurationFactory]: default properties file: defaultContext.properties
2013-07-18 13:30:44 - INFO - [ConfigurationFactory]: aabbManager: it.gius.pePpe.aabb.sap.AABBSweepAndPrune
2013-07-18 13:30:44 - INFO - [ConfigurationFactory]: aabbUpdater: it.gius.pePpe.aabb.AABBUpdater
2013-07-18 13:30:44 - INFO - [ConfigurationFactory]: distance: it.gius.pePpe.distance.GjkDistanceWitnessCacheStrategyImpl
2013-07-18 13:30:44 - INFO - [ConfigurationFactory]: distance2: it.gius.pePpe.distance.GjkDistanceStatelessImpl
2013-07-18 13:30:44 - INFO - [ConfigurationFactory]: collision: it.gius.pePpe.collision.FullDistanceCollision
2013-07-18 13:30:44 - INFO - [ConfigurationFactory]: simulator: it.gius.pePpe.simulator.processing.ProcessingSimulator
2013-07-18 13:30:44 - INFO - [ConfigurationFactory]: singleStepIntegrator: it.gius.pePpe.integrator.RK4Integrator
2013-07-18 13:30:44 - INFO - [ConfigurationFactory]: doubleStepIntegrator: it.gius.pePpe.integrator.EulerIntegrator
2013-07-18 13:30:44 - INFO - [ConfigurationFactory]: contactManager: it.gius.pePpe.contact.ContactManager
2013-07-18 13:30:44 - INFO - [ProcessingSimulator]: starting simulation: BoxStack
2013-07-18 13:30:57 - INFO - [ProcessingDrawingApplet]: activating: contacts
2013-07-18 13:31:08 - DEBUG - [EpaAlgorithm]: max iterations: 5
2013-07-18 13:32:04 - INFO - [SimpleNotifier]: Simulation BoxStack ended!
2013-07-18 13:32:53 - INFO - [ConfigurationFactory]: xml file: beans-pePpe.xml
2013-07-18 13:32:53 - INFO - [ConfigurationFactory]: default properties file: defaultContext.properties
2013-07-18 13:32:53 - INFO - [ConfigurationFactory]: aabbManager: it.gius.pePpe.aabb.sap.AABBSweepAndPrune
2013-07-18 13:32:53 - INFO - [ConfigurationFactory]: aabbUpdater: it.gius.pePpe.aabb.AABBUpdater
2013-07-18 13:32:53 - INFO - [ConfigurationFactory]: distance: it.gius.pePpe.distance.GjkDistanceWitnessCacheStrategyImpl
2013-07-18 13:32:53 - INFO - [ConfigurationFactory]: distance2: it.gius.pePpe.distance.GjkDistanceStatelessImpl
2013-07-18 13:32:53 - INFO - [ConfigurationFactory]: collision: it.gius.pePpe.collision.FullDistanceCollision
2013-07-18 13:32:53 - INFO - [ConfigurationFactory]: simulator: it.gius.pePpe.simulator.processing.ProcessingSimulator
2013-07-18 13:32:53 - INFO - [ConfigurationFactory]: singleStepIntegrator: it.gius.pePpe.integrator.RK4Integrator
2013-07-18 13:32:53 - INFO - [ConfigurationFactory]: doubleStepIntegrator: it.gius.pePpe.integrator.EulerIntegrator
2013-07-18 13:32:53 - INFO - [ConfigurationFactory]: contactManager: it.gius.pePpe.contact.ContactManager
2013-07-18 13:32:53 - INFO - [ProcessingSimulator]: starting simulation: BoxStack
2013-07-18 13:32:57 - DEBUG - [EpaAlgorithm]: max iterations: 5
2013-07-18 13:33:13 - DEBUG - [GjkStandardAlgorithm]: max iterations: 1
2013-07-18 13:33:42 - INFO - [SimpleNotifier]: Simulation BoxStack ended!
2013-07-18 13:34:01 - INFO - [ConfigurationFactory]: xml file: beans-pePpe.xml
2013-07-18 13:34:01 - INFO - [ConfigurationFactory]: default properties file: defaultContext.properties
2013-07-18 13:34:02 - INFO - [ConfigurationFactory]: aabbManager: it.gius.pePpe.aabb.sap.AABBSweepAndPrune
2013-07-18 13:34:02 - INFO - [ConfigurationFactory]: aabbUpdater: it.gius.pePpe.aabb.AABBUpdater
2013-07-18 13:34:02 - INFO - [ConfigurationFactory]: distance: it.gius.pePpe.distance.GjkDistanceWitnessCacheStrategyImpl
2013-07-18 13:34:02 - INFO - [ConfigurationFactory]: distance2: it.gius.pePpe.distance.GjkDistanceStatelessImpl
2013-07-18 13:34:02 - INFO - [ConfigurationFactory]: collision: it.gius.pePpe.collision.FullDistanceCollision
2013-07-18 13:34:02 - INFO - [ConfigurationFactory]: simulator: it.gius.pePpe.simulator.processing.ProcessingSimulator
2013-07-18 13:34:02 - INFO - [ConfigurationFactory]: singleStepIntegrator: it.gius.pePpe.integrator.RK4Integrator
2013-07-18 13:34:02 - INFO - [ConfigurationFactory]: doubleStepIntegrator: it.gius.pePpe.integrator.EulerIntegrator
2013-07-18 13:34:02 - INFO - [ConfigurationFactory]: contactManager: it.gius.pePpe.contact.ContactManager
2013-07-18 13:34:02 - INFO - [ProcessingSimulator]: starting simulation: BoxStack
2013-07-18 13:34:04 - DEBUG - [EpaAlgorithm]: max iterations: 5
2013-07-18 13:34:09 - DEBUG - [GjkStandardAlgorithm]: max iterations: 1
2013-07-18 13:34:28 - INFO - [SimpleNotifier]: Simulation BoxStack ended!
2013-07-18 13:36:24 - INFO - [ConfigurationFactory]: xml file: beans-pePpe.xml
2013-07-18 13:36:24 - INFO - [ConfigurationFactory]: default properties file: defaultContext.properties
2013-07-18 13:36:24 - INFO - [ConfigurationFactory]: aabbManager: it.gius.pePpe.aabb.sap.AABBSweepAndPrune
2013-07-18 13:36:24 - INFO - [ConfigurationFactory]: aabbUpdater: it.gius.pePpe.aabb.AABBUpdater
2013-07-18 13:36:24 - INFO - [ConfigurationFactory]: distance: it.gius.pePpe.distance.GjkDistanceWitnessCacheStrategyImpl
2013-07-18 13:36:24 - INFO - [ConfigurationFactory]: distance2: it.gius.pePpe.distance.GjkDistanceStatelessImpl
2013-07-18 13:36:24 - INFO - [ConfigurationFactory]: collision: it.gius.pePpe.collision.FullDistanceCollision
2013-07-18 13:36:24 - INFO - [ConfigurationFactory]: simulator: it.gius.pePpe.simulator.processing.ProcessingSimulator
2013-07-18 13:36:24 - INFO - [ConfigurationFactory]: singleStepIntegrator: it.gius.pePpe.integrator.RK4Integrator
2013-07-18 13:36:24 - INFO - [ConfigurationFactory]: doubleStepIntegrator: it.gius.pePpe.integrator.EulerIntegrator
2013-07-18 13:36:24 - INFO - [ConfigurationFactory]: contactManager: it.gius.pePpe.contact.ContactManager
2013-07-18 13:36:24 - INFO - [ProcessingSimulator]: starting simulation: BoxStack
2013-07-18 13:36:31 - INFO - [SimpleNotifier]: Simulation BoxStack ended!
2013-07-18 13:36:43 - INFO - [ConfigurationFactory]: xml file: beans-pePpe.xml
2013-07-18 13:36:43 - INFO - [ConfigurationFactory]: default properties file: defaultContext.properties
2013-07-18 13:36:44 - INFO - [ConfigurationFactory]: aabbManager: it.gius.pePpe.aabb.sap.AABBSweepAndPrune
2013-07-18 13:36:44 - INFO - [ConfigurationFactory]: aabbUpdater: it.gius.pePpe.aabb.AABBUpdater
2013-07-18 13:36:44 - INFO - [ConfigurationFactory]: distance: it.gius.pePpe.distance.GjkDistanceWitnessCacheStrategyImpl
2013-07-18 13:36:44 - INFO - [ConfigurationFactory]: distance2: it.gius.pePpe.distance.GjkDistanceStatelessImpl
2013-07-18 13:36:44 - INFO - [ConfigurationFactory]: collision: it.gius.pePpe.collision.FullDistanceCollision
2013-07-18 13:36:44 - INFO - [ConfigurationFactory]: simulator: it.gius.pePpe.simulator.processing.ProcessingSimulator
2013-07-18 13:36:44 - INFO - [ConfigurationFactory]: singleStepIntegrator: it.gius.pePpe.integrator.RK4Integrator
2013-07-18 13:36:44 - INFO - [ConfigurationFactory]: doubleStepIntegrator: it.gius.pePpe.integrator.EulerIntegrator
2013-07-18 13:36:44 - INFO - [ConfigurationFactory]: contactManager: it.gius.pePpe.contact.ContactManager
2013-07-18 13:36:44 - INFO - [ProcessingSimulator]: starting simulation: BoxStack
2013-07-18 13:37:07 - INFO - [SimpleNotifier]: Simulation BoxStack ended!
2013-07-18 13:37:45 - INFO - [ConfigurationFactory]: xml file: beans-pePpe.xml
2013-07-18 13:37:45 - INFO - [ConfigurationFactory]: default properties file: defaultContext.properties
2013-07-18 13:37:46 - INFO - [ConfigurationFactory]: aabbManager: it.gius.pePpe.aabb.sap.AABBSweepAndPrune
2013-07-18 13:37:46 - INFO - [ConfigurationFactory]: aabbUpdater: it.gius.pePpe.aabb.AABBUpdater
2013-07-18 13:37:46 - INFO - [ConfigurationFactory]: distance: it.gius.pePpe.distance.GjkDistanceWitnessCacheStrategyImpl
2013-07-18 13:37:46 - INFO - [ConfigurationFactory]: distance2: it.gius.pePpe.distance.GjkDistanceStatelessImpl
2013-07-18 13:37:46 - INFO - [ConfigurationFactory]: collision: it.gius.pePpe.collision.FullDistanceCollision
2013-07-18 13:37:46 - INFO - [ConfigurationFactory]: simulator: it.gius.pePpe.simulator.processing.ProcessingSimulator
2013-07-18 13:37:46 - INFO - [ConfigurationFactory]: singleStepIntegrator: it.gius.pePpe.integrator.RK4Integrator
2013-07-18 13:37:46 - INFO - [ConfigurationFactory]: doubleStepIntegrator: it.gius.pePpe.integrator.EulerIntegrator
2013-07-18 13:37:46 - INFO - [ConfigurationFactory]: contactManager: it.gius.pePpe.contact.ContactManager
2013-07-18 13:37:46 - INFO - [ProcessingSimulator]: starting simulation: BoxStack
2013-07-18 13:37:54 - DEBUG - [EpaAlgorithm]: max iterations: 5
2013-07-18 13:38:07 - INFO - [SimpleNotifier]: Simulation BoxStack ended!
2013-07-18 13:38:49 - INFO - [ConfigurationFactory]: xml file: beans-pePpe.xml
2013-07-18 13:38:49 - INFO - [ConfigurationFactory]: default properties file: defaultContext.properties
2013-07-18 13:38:50 - INFO - [ConfigurationFactory]: aabbManager: it.gius.pePpe.aabb.sap.AABBSweepAndPrune
2013-07-18 13:38:50 - INFO - [ConfigurationFactory]: aabbUpdater: it.gius.pePpe.aabb.AABBUpdater
2013-07-18 13:38:50 - INFO - [ConfigurationFactory]: distance: it.gius.pePpe.distance.GjkDistanceWitnessCacheStrategyImpl
2013-07-18 13:38:50 - INFO - [ConfigurationFactory]: distance2: it.gius.pePpe.distance.GjkDistanceStatelessImpl
2013-07-18 13:38:50 - INFO - [ConfigurationFactory]: collision: it.gius.pePpe.collision.FullDistanceCollision
2013-07-18 13:38:50 - INFO - [ConfigurationFactory]: simulator: it.gius.pePpe.simulator.processing.ProcessingSimulator
2013-07-18 13:38:50 - INFO - [ConfigurationFactory]: singleStepIntegrator: it.gius.pePpe.integrator.RK4Integrator
2013-07-18 13:38:50 - INFO - [ConfigurationFactory]: doubleStepIntegrator: it.gius.pePpe.integrator.EulerIntegrator
2013-07-18 13:38:50 - INFO - [ConfigurationFactory]: contactManager: it.gius.pePpe.contact.ContactManager
2013-07-18 13:38:50 - INFO - [ProcessingSimulator]: starting simulation: BoxStack
2013-07-18 13:38:57 - INFO - [SimpleNotifier]: Simulation BoxStack ended!
2013-07-18 13:39:26 - INFO - [ConfigurationFactory]: xml file: beans-pePpe.xml
2013-07-18 13:39:26 - INFO - [ConfigurationFactory]: default properties file: defaultContext.properties
2013-07-18 13:39:26 - INFO - [ConfigurationFactory]: aabbManager: it.gius.pePpe.aabb.sap.AABBSweepAndPrune
2013-07-18 13:39:27 - INFO - [ConfigurationFactory]: aabbUpdater: it.gius.pePpe.aabb.AABBUpdater
2013-07-18 13:39:27 - INFO - [ConfigurationFactory]: distance: it.gius.pePpe.distance.GjkDistanceWitnessCacheStrategyImpl
2013-07-18 13:39:27 - INFO - [ConfigurationFactory]: distance2: it.gius.pePpe.distance.GjkDistanceStatelessImpl
2013-07-18 13:39:27 - INFO - [ConfigurationFactory]: collision: it.gius.pePpe.collision.FullDistanceCollision
2013-07-18 13:39:27 - INFO - [ConfigurationFactory]: simulator: it.gius.pePpe.simulator.processing.ProcessingSimulator
2013-07-18 13:39:27 - INFO - [ConfigurationFactory]: singleStepIntegrator: it.gius.pePpe.integrator.RK4Integrator
2013-07-18 13:39:27 - INFO - [ConfigurationFactory]: doubleStepIntegrator: it.gius.pePpe.integrator.EulerIntegrator
2013-07-18 13:39:27 - INFO - [ConfigurationFactory]: contactManager: it.gius.pePpe.contact.ContactManager
2013-07-18 13:39:27 - INFO - [ProcessingSimulator]: starting simulation: BoxStack
2013-07-18 13:39:39 - DEBUG - [EpaAlgorithm]: max iterations: 5
2013-07-18 13:39:46 - INFO - [SimpleNotifier]: Simulation BoxStack ended!
2013-07-18 14:30:55 - INFO - [ConfigurationFactory]: xml file: beans-pePpe.xml
2013-07-18 14:30:55 - INFO - [ConfigurationFactory]: default properties file: defaultContext.properties
2013-07-18 14:30:55 - INFO - [ConfigurationFactory]: aabbManager: it.gius.pePpe.aabb.sap.AABBSweepAndPrune
2013-07-18 14:30:55 - INFO - [ConfigurationFactory]: aabbUpdater: it.gius.pePpe.aabb.AABBUpdater
2013-07-18 14:30:55 - INFO - [ConfigurationFactory]: distance: it.gius.pePpe.distance.GjkDistanceWitnessCacheStrategyImpl
2013-07-18 14:30:55 - INFO - [ConfigurationFactory]: distance2: it.gius.pePpe.distance.GjkDistanceStatelessImpl
2013-07-18 14:30:55 - INFO - [ConfigurationFactory]: collision: it.gius.pePpe.collision.FullDistanceCollision
2013-07-18 14:30:55 - INFO - [ConfigurationFactory]: simulator: it.gius.pePpe.simulator.processing.ProcessingSimulator
2013-07-18 14:30:55 - INFO - [ConfigurationFactory]: singleStepIntegrator: it.gius.pePpe.integrator.RK4Integrator
2013-07-18 14:30:55 - INFO - [ConfigurationFactory]: doubleStepIntegrator: it.gius.pePpe.integrator.EulerIntegrator
2013-07-18 14:30:55 - INFO - [ConfigurationFactory]: contactManager: it.gius.pePpe.contact.ContactManager
2013-07-18 14:30:55 - INFO - [ProcessingSimulator]: starting simulation: BoxStack
2013-07-18 14:31:21 - DEBUG - [EpaAlgorithm]: max iterations: 5
2013-07-18 14:31:24 - DEBUG - [EpaAlgorithm]: max iterations: 7
2013-07-18 14:31:42 - INFO - [SimpleNotifier]: Simulation BoxStack ended!
2013-07-18 14:31:55 - INFO - [ConfigurationFactory]: xml file: beans-pePpe.xml
2013-07-18 14:31:55 - INFO - [ConfigurationFactory]: default properties file: defaultContext.properties
2013-07-18 14:31:55 - INFO - [ConfigurationFactory]: aabbManager: it.gius.pePpe.aabb.sap.AABBSweepAndPrune
2013-07-18 14:31:55 - INFO - [ConfigurationFactory]: aabbUpdater: it.gius.pePpe.aabb.AABBUpdater
2013-07-18 14:31:55 - INFO - [ConfigurationFactory]: distance: it.gius.pePpe.distance.GjkDistanceWitnessCacheStrategyImpl
2013-07-18 14:31:55 - INFO - [ConfigurationFactory]: distance2: it.gius.pePpe.distance.GjkDistanceStatelessImpl
2013-07-18 14:31:55 - INFO - [ConfigurationFactory]: collision: it.gius.pePpe.collision.FullDistanceCollision
2013-07-18 14:31:55 - INFO - [ConfigurationFactory]: simulator: it.gius.pePpe.simulator.processing.ProcessingSimulator
2013-07-18 14:31:55 - INFO - [ConfigurationFactory]: singleStepIntegrator: it.gius.pePpe.integrator.RK4Integrator
2013-07-18 14:31:55 - INFO - [ConfigurationFactory]: doubleStepIntegrator: it.gius.pePpe.integrator.EulerIntegrator
2013-07-18 14:31:55 - INFO - [ConfigurationFactory]: contactManager: it.gius.pePpe.contact.ContactManager
2013-07-18 14:31:55 - INFO - [ProcessingSimulator]: starting simulation: BoxStack
2013-07-18 14:32:00 - DEBUG - [EpaAlgorithm]: max iterations: 5
2013-07-18 14:32:03 - DEBUG - [EpaAlgorithm]: max iterations: 6
2013-07-18 14:32:06 - DEBUG - [EpaAlgorithm]: max iterations: 7
2013-07-18 14:32:27 - INFO - [ProcessingDrawingApplet]: activating: contacts
2013-07-18 14:32:27 - INFO - [ProcessingDrawingApplet]: disactivating: contacts
2013-07-18 14:32:28 - INFO - [ProcessingDrawingApplet]: activating: distances
2013-07-18 14:32:28 - DEBUG - [GjkStandardAlgorithm]: max iterations: 1
2013-07-18 14:32:28 - DEBUG - [GjkStandardAlgorithm]: max iterations: 2
2013-07-18 14:32:28 - DEBUG - [GjkStandardAlgorithm]: max iterations: 3
2013-07-18 14:32:39 - INFO - [ProcessingDrawingApplet]: disactivating: distances
2013-07-18 14:32:41 - INFO - [SimpleNotifier]: Simulation BoxStack ended!
2013-07-18 14:34:05 - INFO - [ConfigurationFactory]: xml file: beans-pePpe.xml
2013-07-18 14:34:05 - INFO - [ConfigurationFactory]: default properties file: defaultContext.properties
2013-07-18 14:34:05 - INFO - [ConfigurationFactory]: aabbManager: it.gius.pePpe.aabb.sap.AABBSweepAndPrune
2013-07-18 14:34:05 - INFO - [ConfigurationFactory]: aabbUpdater: it.gius.pePpe.aabb.AABBUpdater
2013-07-18 14:34:05 - INFO - [ConfigurationFactory]: distance: it.gius.pePpe.distance.GjkDistanceWitnessCacheStrategyImpl
2013-07-18 14:34:05 - INFO - [ConfigurationFactory]: distance2: it.gius.pePpe.distance.GjkDistanceStatelessImpl
2013-07-18 14:34:05 - INFO - [ConfigurationFactory]: collision: it.gius.pePpe.collision.FullDistanceCollision
2013-07-18 14:34:05 - INFO - [ConfigurationFactory]: simulator: it.gius.pePpe.simulator.processing.ProcessingSimulator
2013-07-18 14:34:05 - INFO - [ConfigurationFactory]: singleStepIntegrator: it.gius.pePpe.integrator.RK4Integrator
2013-07-18 14:34:05 - INFO - [ConfigurationFactory]: doubleStepIntegrator: it.gius.pePpe.integrator.EulerIntegrator
2013-07-18 14:34:05 - INFO - [ConfigurationFactory]: contactManager: it.gius.pePpe.contact.ContactManager
2013-07-18 14:34:05 - INFO - [ProcessingSimulator]: starting simulation: BoxStack
2013-07-18 14:34:10 - DEBUG - [EpaAlgorithm]: max iterations: 5
2013-07-18 14:34:13 - DEBUG - [EpaAlgorithm]: max iterations: 6
2013-07-18 14:34:36 - INFO - [SimpleNotifier]: Simulation BoxStack ended!
2013-07-18 14:35:13 - INFO - [ConfigurationFactory]: xml file: beans-pePpe.xml
2013-07-18 14:35:13 - INFO - [ConfigurationFactory]: default properties file: defaultContext.properties
2013-07-18 14:35:13 - INFO - [ConfigurationFactory]: aabbManager: it.gius.pePpe.aabb.sap.AABBSweepAndPrune
2013-07-18 14:35:13 - INFO - [ConfigurationFactory]: aabbUpdater: it.gius.pePpe.aabb.AABBUpdater
2013-07-18 14:35:13 - INFO - [ConfigurationFactory]: distance: it.gius.pePpe.distance.GjkDistanceWitnessCacheStrategyImpl
2013-07-18 14:35:13 - INFO - [ConfigurationFactory]: distance2: it.gius.pePpe.distance.GjkDistanceStatelessImpl
2013-07-18 14:35:13 - INFO - [ConfigurationFactory]: collision: it.gius.pePpe.collision.FullDistanceCollision
2013-07-18 14:35:13 - INFO - [ConfigurationFactory]: simulator: it.gius.pePpe.simulator.processing.ProcessingSimulator
2013-07-18 14:35:13 - INFO - [ConfigurationFactory]: singleStepIntegrator: it.gius.pePpe.integrator.RK4Integrator
2013-07-18 14:35:13 - INFO - [ConfigurationFactory]: doubleStepIntegrator: it.gius.pePpe.integrator.EulerIntegrator
2013-07-18 14:35:13 - INFO - [ConfigurationFactory]: contactManager: it.gius.pePpe.contact.ContactManager
2013-07-18 14:35:14 - INFO - [ProcessingSimulator]: starting simulation: BoxStack
2013-07-18 14:35:20 - DEBUG - [EpaAlgorithm]: max iterations: 5
2013-07-18 14:35:22 - DEBUG - [EpaAlgorithm]: max iterations: 6
2013-07-18 14:36:18 - INFO - [SimpleNotifier]: Simulation BoxStack ended!
2013-07-18 14:36:26 - INFO - [ConfigurationFactory]: xml file: beans-pePpe.xml
2013-07-18 14:36:26 - INFO - [ConfigurationFactory]: default properties file: defaultContext.properties
2013-07-18 14:36:26 - INFO - [ConfigurationFactory]: aabbManager: it.gius.pePpe.aabb.sap.AABBSweepAndPrune
2013-07-18 14:36:26 - INFO - [ConfigurationFactory]: aabbUpdater: it.gius.pePpe.aabb.AABBUpdater
2013-07-18 14:36:26 - INFO - [ConfigurationFactory]: distance: it.gius.pePpe.distance.GjkDistanceWitnessCacheStrategyImpl
2013-07-18 14:36:26 - INFO - [ConfigurationFactory]: distance2: it.gius.pePpe.distance.GjkDistanceStatelessImpl
2013-07-18 14:36:26 - INFO - [ConfigurationFactory]: collision: it.gius.pePpe.collision.FullDistanceCollision
2013-07-18 14:36:26 - INFO - [ConfigurationFactory]: simulator: it.gius.pePpe.simulator.processing.ProcessingSimulator
2013-07-18 14:36:26 - INFO - [ConfigurationFactory]: singleStepIntegrator: it.gius.pePpe.integrator.RK4Integrator
2013-07-18 14:36:26 - INFO - [ConfigurationFactory]: doubleStepIntegrator: it.gius.pePpe.integrator.EulerIntegrator
2013-07-18 14:36:26 - INFO - [ConfigurationFactory]: contactManager: it.gius.pePpe.contact.ContactManager
2013-07-18 14:36:26 - INFO - [ProcessingSimulator]: starting simulation: BoxStack
2013-07-18 14:36:45 - DEBUG - [EpaAlgorithm]: max iterations: 5
2013-07-18 14:37:13 - DEBUG - [EpaAlgorithm]: max iterations: 6
2013-07-18 14:37:16 - INFO - [SimpleNotifier]: Simulation BoxStack ended!
2013-07-18 17:43:14 - INFO - [ConfigurationFactory]: xml file: beans-pePpe.xml
2013-07-18 17:43:14 - INFO - [ConfigurationFactory]: default properties file: defaultContext.properties
2013-07-18 17:43:15 - INFO - [ConfigurationFactory]: aabbManager: it.gius.pePpe.aabb.sap.AABBSweepAndPrune
2013-07-18 17:43:15 - INFO - [ConfigurationFactory]: aabbUpdater: it.gius.pePpe.aabb.AABBUpdater
2013-07-18 17:43:15 - INFO - [ConfigurationFactory]: distance: it.gius.pePpe.distance.GjkDistanceWitnessCacheStrategyImpl
2013-07-18 17:43:15 - INFO - [ConfigurationFactory]: distance2: it.gius.pePpe.distance.GjkDistanceStatelessImpl
2013-07-18 17:43:15 - INFO - [ConfigurationFactory]: collision: it.gius.pePpe.collision.FullDistanceCollision
2013-07-18 17:43:15 - INFO - [ConfigurationFactory]: simulator: it.gius.pePpe.simulator.processing.ProcessingSimulator
2013-07-18 17:43:15 - INFO - [ConfigurationFactory]: singleStepIntegrator: it.gius.pePpe.integrator.RK4Integrator
2013-07-18 17:43:15 - INFO - [ConfigurationFactory]: doubleStepIntegrator: it.gius.pePpe.integrator.EulerIntegrator
2013-07-18 17:43:15 - INFO - [ConfigurationFactory]: contactManager: it.gius.pePpe.contact.ContactManager
2013-07-18 17:43:15 - INFO - [ProcessingSimulator]: starting simulation: Moving
2013-07-18 17:43:17 - INFO - [ProcessingDrawingApplet]: activating: AABB
2013-07-18 17:43:17 - INFO - [ProcessingDrawingApplet]: activating: contacts
2013-07-18 17:43:20 - DEBUG - [GjkStandardAlgorithm]: max iterations: 1
2013-07-18 17:43:21 - DEBUG - [GjkStandardAlgorithm]: max iterations: 3
2013-07-18 17:43:23 - DEBUG - [EpaAlgorithm]: max iterations: 5
2013-07-18 17:43:49 - INFO - [SimpleNotifier]: Simulation Moving ended!
2013-07-18 17:44:28 - INFO - [ConfigurationFactory]: xml file: beans-pePpe.xml
2013-07-18 17:44:28 - INFO - [ConfigurationFactory]: default properties file: defaultContext.properties
2013-07-18 17:44:28 - INFO - [ConfigurationFactory]: user properties file: distanceTest.properties
2013-07-18 17:44:28 - INFO - [ConfigurationFactory]: aabbManager: it.gius.pePpe.aabb.sap.AABBSweepAndPrune
2013-07-18 17:44:28 - INFO - [ConfigurationFactory]: aabbUpdater: it.gius.pePpe.aabb.AABBUpdater
2013-07-18 17:44:28 - INFO - [ConfigurationFactory]: distance: it.gius.pePpe.distance.GjkDistanceWitnessCacheStrategyImpl
2013-07-18 17:44:28 - INFO - [ConfigurationFactory]: distance2: it.gius.pePpe.distance.GjkDistanceStatelessImpl
2013-07-18 17:44:28 - INFO - [ConfigurationFactory]: collision: it.gius.pePpe.collision.FullDistanceCollision
2013-07-18 17:44:28 - INFO - [ConfigurationFactory]: simulator: it.gius.pePpe.simulator.processing.ProcessingSimulator
2013-07-18 17:44:28 - INFO - [ConfigurationFactory]: singleStepIntegrator: it.gius.pePpe.integrator.RK4Integrator
2013-07-18 17:44:28 - INFO - [ConfigurationFactory]: doubleStepIntegrator: it.gius.pePpe.integrator.EulerIntegrator
2013-07-18 17:44:28 - INFO - [ConfigurationFactory]: contactManager: it.gius.pePpe.contact.ContactManager
2013-07-18 17:44:28 - INFO - [ProcessingSimulator]: starting simulation: simpleDistance
2013-07-18 17:44:29 - DEBUG - [GjkStandardAlgorithm]: max iterations: 1
2013-07-18 17:44:30 - INFO - [ProcessingDrawingApplet]: activating: AABB
2013-07-18 17:44:31 - INFO - [ProcessingDrawingApplet]: activating: contacts
2013-07-18 17:44:46 - DEBUG - [GjkStandardAlgorithm]: max iterations: 2
2013-07-18 17:44:54 - DEBUG - [GjkStandardAlgorithm]: max iterations: 3
2013-07-18 17:45:04 - DEBUG - [EpaAlgorithm]: max iterations: 5
2013-07-18 17:45:08 - INFO - [SimpleNotifier]: Simulation simpleDistance ended!
2013-07-19 03:40:06 - INFO - [ConfigurationFactory]: xml file: beans-pePpe.xml
2013-07-19 03:40:06 - INFO - [ConfigurationFactory]: default properties file: defaultContext.properties
2013-07-19 03:40:07 - INFO - [ConfigurationFactory]: aabbManager: it.gius.pePpe.aabb.sap.AABBSweepAndPrune
2013-07-19 03:40:07 - INFO - [ConfigurationFactory]: aabbUpdater: it.gius.pePpe.aabb.AABBUpdater
2013-07-19 03:40:07 - INFO - [ConfigurationFactory]: distance: it.gius.pePpe.distance.GjkDistanceWitnessCacheStrategyImpl
2013-07-19 03:40:07 - INFO - [ConfigurationFactory]: distance2: it.gius.pePpe.distance.GjkDistanceStatelessImpl
2013-07-19 03:40:07 - INFO - [ConfigurationFactory]: collision: it.gius.pePpe.collision.FullDistanceCollision
2013-07-19 03:40:08 - INFO - [ConfigurationFactory]: simulator: it.gius.pePpe.simulator.processing.ProcessingSimulator
2013-07-19 03:40:08 - INFO - [ConfigurationFactory]: singleStepIntegrator: it.gius.pePpe.integrator.RK4Integrator
2013-07-19 03:40:08 - INFO - [ConfigurationFactory]: doubleStepIntegrator: it.gius.pePpe.integrator.EulerIntegrator
2013-07-19 03:40:08 - INFO - [ConfigurationFactory]: contactManager: it.gius.pePpe.contact.ContactManager
2013-07-19 03:40:09 - INFO - [ProcessingSimulator]: starting simulation: Moving
2013-07-19 03:40:19 - DEBUG - [GjkStandardAlgorithm]: max iterations: 1
2013-07-19 03:40:21 - DEBUG - [GjkStandardAlgorithm]: max iterations: 3
2013-07-19 03:40:23 - INFO - [SimpleNotifier]: Simulation Moving ended!
