2013-07-25 01:40:52 - INFO - [ConfigurationFactory]: xml file: beans-pePpe.xml
2013-07-25 01:40:52 - INFO - [ConfigurationFactory]: default properties file: defaultContext.properties
2013-07-25 01:40:52 - INFO - [ConfigurationFactory]: user properties file: Moving-pePpe.properties
2013-07-25 01:40:52 - INFO - [XmlBeanDefinitionReader]: Loading XML bean definitions from class path resource [beans-pePpe.xml]
2013-07-25 01:40:52 - INFO - [PropertyPlaceholderConfigurer]: Loading properties file from class path resource [defaultContext.properties]
2013-07-25 01:40:52 - INFO - [PropertyPlaceholderConfigurer]: Loading properties file from class path resource [Moving-pePpe.properties]
2013-07-25 01:40:52 - INFO - [ConfigurationFactory]: aabbManager: it.gius.pePpe.aabb.sap.AABBSweepAndPrune
2013-07-25 01:40:52 - INFO - [ConfigurationFactory]: aabbUpdater: it.gius.pePpe.aabb.AABBUpdater
2013-07-25 01:40:52 - INFO - [ConfigurationFactory]: distance2: it.gius.pePpe.distance.GjkDistanceStatelessImpl
2013-07-25 01:40:52 - INFO - [ConfigurationFactory]: collision: it.gius.pePpe.collision.FullDistanceCollision
2013-07-25 01:40:52 - INFO - [ConfigurationFactory]: simulator: it.gius.pePpe.simulator.processing.ProcessingSimulator
2013-07-25 01:40:52 - INFO - [ConfigurationFactory]: singleStepIntegrator: it.gius.pePpe.integrator.RK4Integrator
2013-07-25 01:40:52 - INFO - [ConfigurationFactory]: doubleStepIntegrator: it.gius.pePpe.integrator.EulerIntegrator
2013-07-25 01:40:52 - INFO - [ConfigurationFactory]: contactManager: it.gius.pePpe.contact.ContactManager
2013-07-25 01:40:53 - INFO - [ProcessingSimulator]: starting simulation: Moving
2013-07-25 01:40:55 - DEBUG - [GjkStandardAlgorithm]: max iterations: 1
2013-07-25 01:40:57 - DEBUG - [GjkStandardAlgorithm]: max iterations: 3
2013-07-25 01:40:57 - DEBUG - [EpaAlgorithm]: max iterations: 5
2013-07-25 01:41:16 - INFO - [SimpleNotifier]: Simulation Moving ended for time elapsed
2013-07-26 02:33:39 - INFO - [ConfigurationFactory]: xml file: beans-pePpe.xml
2013-07-26 02:33:39 - INFO - [ConfigurationFactory]: default properties file: defaultContext.properties
2013-07-26 02:33:40 - INFO - [XmlBeanDefinitionReader]: Loading XML bean definitions from class path resource [beans-pePpe.xml]
2013-07-26 02:33:40 - INFO - [PropertyPlaceholderConfigurer]: Loading properties file from class path resource [defaultContext.properties]
2013-07-26 02:33:40 - INFO - [ConfigurationFactory]: aabbManager: it.gius.pePpe.aabb.sap.AABBSweepAndPrune
2013-07-26 02:33:40 - INFO - [ConfigurationFactory]: aabbUpdater: it.gius.pePpe.aabb.AABBUpdater
2013-07-26 02:33:40 - INFO - [ConfigurationFactory]: distance2: it.gius.pePpe.distance.GjkDistanceStatelessImpl
2013-07-26 02:33:40 - INFO - [ConfigurationFactory]: collision: it.gius.pePpe.collision.FullDistanceCollision
2013-07-26 02:33:40 - INFO - [ConfigurationFactory]: simulator: it.gius.pePpe.simulator.processing.ProcessingSimulator
2013-07-26 02:33:40 - INFO - [ConfigurationFactory]: singleStepIntegrator: it.gius.pePpe.integrator.RK4Integrator
2013-07-26 02:33:40 - INFO - [ConfigurationFactory]: doubleStepIntegrator: it.gius.pePpe.integrator.EulerIntegrator
2013-07-26 02:33:40 - INFO - [ConfigurationFactory]: contactManager: it.gius.pePpe.contact.ContactManager
2013-07-26 02:33:40 - INFO - [ProcessingSimulator]: starting simulation: Single Cloth
2013-07-26 02:34:23 - INFO - [SimpleNotifier]: Simulation Single Cloth ended for time elapsed
2013-07-26 04:12:56 - INFO - [ConfigurationFactory]: xml file: beans-pePpe.xml
2013-07-26 04:12:56 - INFO - [ConfigurationFactory]: default properties file: defaultContext.properties
2013-07-26 04:12:56 - INFO - [ConfigurationFactory]: user properties file: Distance-pePpe.properties
2013-07-26 04:12:56 - INFO - [XmlBeanDefinitionReader]: Loading XML bean definitions from class path resource [beans-pePpe.xml]
2013-07-26 04:12:56 - INFO - [PropertyPlaceholderConfigurer]: Loading properties file from class path resource [defaultContext.properties]
2013-07-26 04:12:56 - INFO - [PropertyPlaceholderConfigurer]: Loading properties file from class path resource [Distance-pePpe.properties]
2013-07-26 04:12:56 - INFO - [ConfigurationFactory]: aabbManager: it.gius.pePpe.aabb.sap.AABBSweepAndPrune
2013-07-26 04:12:57 - INFO - [ConfigurationFactory]: aabbUpdater: it.gius.pePpe.aabb.AABBUpdater
2013-07-26 04:12:57 - INFO - [ConfigurationFactory]: distance2: it.gius.pePpe.distance.GjkDistanceStatelessImpl
2013-07-26 04:12:57 - INFO - [ConfigurationFactory]: collision: it.gius.pePpe.collision.FullDistanceCollision
2013-07-26 04:12:57 - INFO - [ConfigurationFactory]: simulator: it.gius.pePpe.simulator.processing.ProcessingSimulator
2013-07-26 04:12:57 - INFO - [ConfigurationFactory]: singleStepIntegrator: it.gius.pePpe.integrator.RK4Integrator
2013-07-26 04:12:57 - INFO - [ConfigurationFactory]: doubleStepIntegrator: it.gius.pePpe.integrator.EulerIntegrator
2013-07-26 04:12:57 - INFO - [ConfigurationFactory]: contactManager: it.gius.pePpe.contact.ContactManager
2013-07-26 04:12:57 - INFO - [ProcessingSimulator]: starting simulation: Distance
2013-07-26 04:13:11 - INFO - [SimpleNotifier]: Simulation Distance ended for time elapsed
2013-08-04 06:46:33 - INFO - [ConfigurationFactory]: xml file: beans-pePpe.xml
2013-08-04 06:46:33 - INFO - [ConfigurationFactory]: default properties file: defaultContext.properties
2013-08-04 06:46:33 - INFO - [ConfigurationFactory]: user properties file: Moving-pePpe.properties
2013-08-04 06:46:33 - INFO - [XmlBeanDefinitionReader]: Loading XML bean definitions from class path resource [beans-pePpe.xml]
2013-08-04 06:46:33 - INFO - [PropertyPlaceholderConfigurer]: Loading properties file from class path resource [defaultContext.properties]
2013-08-04 06:46:33 - INFO - [PropertyPlaceholderConfigurer]: Loading properties file from class path resource [Moving-pePpe.properties]
2013-08-04 06:46:33 - INFO - [ConfigurationFactory]: aabbManager: it.gius.pePpe.aabb.sap.AABBSweepAndPrune
2013-08-04 06:46:33 - INFO - [ConfigurationFactory]: aabbUpdater: it.gius.pePpe.aabb.AABBUpdater
2013-08-04 06:46:33 - INFO - [ConfigurationFactory]: distance2: it.gius.pePpe.distance.GjkDistanceStatelessImpl
2013-08-04 06:46:33 - INFO - [ConfigurationFactory]: collision: it.gius.pePpe.collision.FullDistanceCollision
2013-08-04 06:46:33 - INFO - [ConfigurationFactory]: simulator: it.gius.pePpe.simulator.processing.ProcessingSimulator
2013-08-04 06:46:33 - INFO - [ConfigurationFactory]: singleStepIntegrator: it.gius.pePpe.integrator.RK4Integrator
2013-08-04 06:46:33 - INFO - [ConfigurationFactory]: doubleStepIntegrator: it.gius.pePpe.integrator.EulerIntegrator
2013-08-04 06:46:33 - INFO - [ConfigurationFactory]: contactManager: it.gius.pePpe.contact.ContactManager
2013-08-04 06:46:34 - INFO - [ProcessingSimulator]: starting simulation: Moving
2013-08-04 06:46:39 - DEBUG - [GjkStandardAlgorithm]: max iterations: 1
2013-08-04 06:46:40 - DEBUG - [GjkStandardAlgorithm]: max iterations: 3
2013-08-04 06:46:43 - DEBUG - [EpaAlgorithm]: max iterations: 5
2013-08-04 06:47:12 - INFO - [SimpleNotifier]: Simulation Moving ended for time elapsed
2013-08-07 05:50:49 - INFO - [ConfigurationFactory]: xml file: beans-pePpe.xml
2013-08-07 05:50:49 - INFO - [ConfigurationFactory]: default properties file: defaultContext.properties
2013-08-07 05:50:49 - INFO - [ConfigurationFactory]: user properties file: Moving-pePpe.properties
2013-08-07 05:50:49 - INFO - [XmlBeanDefinitionReader]: Loading XML bean definitions from class path resource [beans-pePpe.xml]
2013-08-07 05:50:50 - INFO - [PropertyPlaceholderConfigurer]: Loading properties file from class path resource [defaultContext.properties]
2013-08-07 05:50:50 - INFO - [PropertyPlaceholderConfigurer]: Loading properties file from class path resource [Moving-pePpe.properties]
2013-08-07 05:50:50 - INFO - [ConfigurationFactory]: aabbManager: it.gius.pePpe.aabb.sap.AABBSweepAndPrune
2013-08-07 05:50:50 - INFO - [ConfigurationFactory]: aabbUpdater: it.gius.pePpe.aabb.AABBUpdater
2013-08-07 05:50:50 - INFO - [ConfigurationFactory]: distance2: it.gius.pePpe.distance.GjkDistanceStatelessImpl
2013-08-07 05:50:50 - INFO - [ConfigurationFactory]: collision: it.gius.pePpe.collision.FullDistanceCollision
2013-08-07 05:50:50 - INFO - [ConfigurationFactory]: simulator: it.gius.pePpe.simulator.processing.ProcessingSimulator
2013-08-07 05:50:50 - INFO - [ConfigurationFactory]: singleStepIntegrator: it.gius.pePpe.integrator.RK4Integrator
2013-08-07 05:50:50 - INFO - [ConfigurationFactory]: doubleStepIntegrator: it.gius.pePpe.integrator.EulerIntegrator
2013-08-07 05:50:50 - INFO - [ConfigurationFactory]: contactManager: it.gius.pePpe.contact.ContactManager
2013-08-07 05:50:50 - INFO - [ProcessingSimulator]: starting simulation: Moving
2013-08-07 05:50:54 - DEBUG - [GjkStandardAlgorithm]: max iterations: 1
2013-08-07 05:50:55 - DEBUG - [GjkStandardAlgorithm]: max iterations: 3
2013-08-07 05:50:58 - DEBUG - [EpaAlgorithm]: max iterations: 5
2013-08-07 05:51:24 - INFO - [SimpleNotifier]: Simulation Moving ended before time elapsed
2013-08-07 05:53:46 - INFO - [ConfigurationFactory]: xml file: beans-pePpe.xml
2013-08-07 05:53:46 - INFO - [ConfigurationFactory]: default properties file: defaultContext.properties
2013-08-07 05:53:46 - INFO - [ConfigurationFactory]: user properties file: Distance-pePpe.properties
2013-08-07 05:53:46 - INFO - [XmlBeanDefinitionReader]: Loading XML bean definitions from class path resource [beans-pePpe.xml]
2013-08-07 05:53:46 - INFO - [PropertyPlaceholderConfigurer]: Loading properties file from class path resource [defaultContext.properties]
2013-08-07 05:53:46 - INFO - [PropertyPlaceholderConfigurer]: Loading properties file from class path resource [Distance-pePpe.properties]
2013-08-07 05:53:46 - INFO - [ConfigurationFactory]: aabbManager: it.gius.pePpe.aabb.sap.AABBSweepAndPrune
2013-08-07 05:53:46 - INFO - [ConfigurationFactory]: aabbUpdater: it.gius.pePpe.aabb.AABBUpdater
2013-08-07 05:53:46 - INFO - [ConfigurationFactory]: distance2: it.gius.pePpe.distance.GjkDistanceStatelessImpl
2013-08-07 05:53:46 - INFO - [ConfigurationFactory]: collision: it.gius.pePpe.collision.FullDistanceCollision
2013-08-07 05:53:46 - INFO - [ConfigurationFactory]: simulator: it.gius.pePpe.simulator.processing.ProcessingSimulator
2013-08-07 05:53:46 - INFO - [ConfigurationFactory]: singleStepIntegrator: it.gius.pePpe.integrator.RK4Integrator
2013-08-07 05:53:46 - INFO - [ConfigurationFactory]: doubleStepIntegrator: it.gius.pePpe.integrator.EulerIntegrator
2013-08-07 05:53:46 - INFO - [ConfigurationFactory]: contactManager: it.gius.pePpe.contact.ContactManager
2013-08-07 05:53:46 - INFO - [ProcessingSimulator]: starting simulation: Distance
2013-08-07 05:53:47 - DEBUG - [GjkStandardAlgorithm]: max iterations: 1
2013-08-07 05:53:52 - INFO - [ProcessingDrawingApplet]: activating: AABB
2013-08-07 05:53:53 - DEBUG - [GjkStandardAlgorithm]: max iterations: 2
2013-08-07 05:53:56 - DEBUG - [EpaAlgorithm]: max iterations: 5
2013-08-07 05:54:07 - DEBUG - [GjkStandardAlgorithm]: max iterations: 3
2013-08-07 05:54:10 - INFO - [SimpleNotifier]: Simulation Distance ended for time elapsed
2013-08-07 07:08:01 - INFO - [ConfigurationFactory]: xml file: beans-pePpe.xml
2013-08-07 07:08:01 - INFO - [ConfigurationFactory]: default properties file: defaultContext.properties
2013-08-07 07:08:01 - INFO - [XmlBeanDefinitionReader]: Loading XML bean definitions from class path resource [beans-pePpe.xml]
2013-08-07 07:08:01 - INFO - [PropertyPlaceholderConfigurer]: Loading properties file from class path resource [defaultContext.properties]
2013-08-07 07:08:01 - INFO - [ConfigurationFactory]: aabbManager: it.gius.pePpe.aabb.sap.AABBSweepAndPrune
2013-08-07 07:08:01 - INFO - [ConfigurationFactory]: aabbUpdater: it.gius.pePpe.aabb.AABBUpdater
2013-08-07 07:08:01 - INFO - [ConfigurationFactory]: distance2: it.gius.pePpe.distance.GjkDistanceStatelessImpl
2013-08-07 07:08:01 - INFO - [ConfigurationFactory]: collision: it.gius.pePpe.collision.FullDistanceCollision
2013-08-07 07:08:02 - INFO - [ConfigurationFactory]: simulator: it.gius.pePpe.simulator.processing.ProcessingSimulator
2013-08-07 07:08:02 - INFO - [ConfigurationFactory]: singleStepIntegrator: it.gius.pePpe.integrator.RK4Integrator
2013-08-07 07:08:02 - INFO - [ConfigurationFactory]: doubleStepIntegrator: it.gius.pePpe.integrator.EulerIntegrator
2013-08-07 07:08:02 - INFO - [ConfigurationFactory]: contactManager: it.gius.pePpe.contact.ContactManager
2013-08-07 07:08:02 - INFO - [ProcessingSimulator]: starting simulation: Single Cloth
2013-08-07 07:08:14 - INFO - [SimpleNotifier]: Simulation Single Cloth ended before time elapsed
2013-08-12 07:18:18 - INFO - [ConfigurationFactory]: xml file: beans-pePpe.xml
2013-08-12 07:18:18 - INFO - [ConfigurationFactory]: default properties file: defaultContext.properties
2013-08-12 07:18:18 - INFO - [XmlBeanDefinitionReader]: Loading XML bean definitions from class path resource [beans-pePpe.xml]
2013-08-12 07:18:19 - INFO - [PropertyPlaceholderConfigurer]: Loading properties file from class path resource [defaultContext.properties]
2013-08-12 07:18:19 - INFO - [ConfigurationFactory]: aabbManager: it.gius.pePpe.aabb.sap.AABBSweepAndPrune
2013-08-12 07:18:19 - INFO - [ConfigurationFactory]: aabbUpdater: it.gius.pePpe.aabb.AABBUpdater
2013-08-12 07:18:19 - INFO - [ConfigurationFactory]: distance2: it.gius.pePpe.distance.GjkDistanceStatelessImpl
2013-08-12 07:18:19 - INFO - [ConfigurationFactory]: collision: it.gius.pePpe.collision.FullDistanceCollision
2013-08-12 07:18:19 - INFO - [ConfigurationFactory]: simulator: it.gius.pePpe.simulator.processing.ProcessingSimulator
2013-08-12 07:18:19 - INFO - [ConfigurationFactory]: singleStepIntegrator: it.gius.pePpe.integrator.RK4Integrator
2013-08-12 07:18:19 - INFO - [ConfigurationFactory]: doubleStepIntegrator: it.gius.pePpe.integrator.EulerIntegrator
2013-08-12 07:18:19 - INFO - [ConfigurationFactory]: contactManager: it.gius.pePpe.contact.ContactManager
2013-08-12 07:18:19 - INFO - [ProcessingSimulator]: starting simulation: Box stacking
2013-08-12 07:18:41 - DEBUG - [EpaAlgorithm]: max iterations: 5
2013-08-12 07:18:47 - DEBUG - [EpaAlgorithm]: max iterations: 6
2013-08-12 07:19:51 - INFO - [SimpleNotifier]: Simulation Box stacking ended!
2013-08-15 11:43:11 - INFO - [ConfigurationFactory]: xml file: beans-pePpe.xml
2013-08-15 11:43:11 - INFO - [ConfigurationFactory]: default properties file: defaultContext.properties
2013-08-15 11:43:11 - INFO - [XmlBeanDefinitionReader]: Loading XML bean definitions from class path resource [beans-pePpe.xml]
2013-08-15 11:43:11 - INFO - [PropertyPlaceholderConfigurer]: Loading properties file from class path resource [defaultContext.properties]
2013-08-15 11:43:11 - INFO - [ConfigurationFactory]: aabbManager: it.gius.pePpe.aabb.sap.AABBSweepAndPrune
2013-08-15 11:43:11 - INFO - [ConfigurationFactory]: aabbUpdater: it.gius.pePpe.aabb.AABBUpdater
2013-08-15 11:43:11 - INFO - [ConfigurationFactory]: distance2: it.gius.pePpe.distance.GjkDistanceStatelessImpl
2013-08-15 11:43:11 - INFO - [ConfigurationFactory]: collision: it.gius.pePpe.collision.FullDistanceCollision
2013-08-15 11:43:12 - INFO - [ConfigurationFactory]: simulator: it.gius.pePpe.simulator.processing.ProcessingSimulator
2013-08-15 11:43:12 - INFO - [ConfigurationFactory]: singleStepIntegrator: it.gius.pePpe.integrator.RK4Integrator
2013-08-15 11:43:12 - INFO - [ConfigurationFactory]: doubleStepIntegrator: it.gius.pePpe.integrator.EulerIntegrator
2013-08-15 11:43:12 - INFO - [ConfigurationFactory]: contactManager: it.gius.pePpe.contact.ContactManager
2013-08-15 11:43:12 - INFO - [ProcessingSimulator]: starting simulation: Single Cloth
2013-08-15 11:43:46 - INFO - [SimpleNotifier]: Simulation Single Cloth ended before time elapsed
2013-09-01 17:52:15 - INFO - [ConfigurationFactory]: xml file: beans-pePpe.xml
2013-09-01 17:52:15 - INFO - [ConfigurationFactory]: default properties file: defaultContext.properties
2013-09-01 17:52:15 - INFO - [ConfigurationFactory]: user properties file: Moving-pePpe.properties
2013-09-01 17:52:16 - INFO - [XmlBeanDefinitionReader]: Loading XML bean definitions from class path resource [beans-pePpe.xml]
2013-09-01 17:52:17 - INFO - [PropertyPlaceholderConfigurer]: Loading properties file from class path resource [defaultContext.properties]
2013-09-01 17:52:17 - INFO - [PropertyPlaceholderConfigurer]: Loading properties file from class path resource [Moving-pePpe.properties]
2013-09-01 17:52:17 - INFO - [ConfigurationFactory]: aabbManager: it.gius.pePpe.aabb.sap.AABBSweepAndPrune
2013-09-01 17:52:17 - INFO - [ConfigurationFactory]: aabbUpdater: it.gius.pePpe.aabb.AABBUpdater
2013-09-01 17:52:17 - INFO - [ConfigurationFactory]: distance2: it.gius.pePpe.distance.GjkDistanceStatelessImpl
2013-09-01 17:52:17 - INFO - [ConfigurationFactory]: collision: it.gius.pePpe.collision.FullDistanceCollision
2013-09-01 17:52:17 - INFO - [ConfigurationFactory]: simulator: it.gius.pePpe.simulator.processing.ProcessingSimulator
2013-09-01 17:52:17 - INFO - [ConfigurationFactory]: singleStepIntegrator: it.gius.pePpe.integrator.RK4Integrator
2013-09-01 17:52:17 - INFO - [ConfigurationFactory]: doubleStepIntegrator: it.gius.pePpe.integrator.EulerIntegrator
2013-09-01 17:52:17 - INFO - [ConfigurationFactory]: contactManager: it.gius.pePpe.contact.ContactManager
2013-09-01 17:52:17 - INFO - [ProcessingSimulator]: starting simulation: Moving
2013-09-01 17:52:30 - DEBUG - [GjkStandardAlgorithm]: max iterations: 1
2013-09-01 17:52:31 - DEBUG - [GjkStandardAlgorithm]: max iterations: 3
2013-09-01 17:52:34 - DEBUG - [EpaAlgorithm]: max iterations: 5
2013-09-01 17:52:40 - INFO - [SimpleNotifier]: Simulation Moving ended before time elapsed
2013-09-01 17:54:33 - INFO - [ConfigurationFactory]: xml file: beans-pePpe.xml
2013-09-01 17:54:33 - INFO - [ConfigurationFactory]: default properties file: defaultContext.properties
2013-09-01 17:54:33 - INFO - [ConfigurationFactory]: user properties file: Distance-pePpe.properties
2013-09-01 17:54:33 - INFO - [XmlBeanDefinitionReader]: Loading XML bean definitions from class path resource [beans-pePpe.xml]
2013-09-01 17:54:33 - INFO - [PropertyPlaceholderConfigurer]: Loading properties file from class path resource [defaultContext.properties]
2013-09-01 17:54:33 - INFO - [PropertyPlaceholderConfigurer]: Loading properties file from class path resource [Distance-pePpe.properties]
2013-09-01 17:54:33 - INFO - [ConfigurationFactory]: aabbManager: it.gius.pePpe.aabb.sap.AABBSweepAndPrune
2013-09-01 17:54:33 - INFO - [ConfigurationFactory]: aabbUpdater: it.gius.pePpe.aabb.AABBUpdater
2013-09-01 17:54:33 - INFO - [ConfigurationFactory]: distance2: it.gius.pePpe.distance.GjkDistanceStatelessImpl
2013-09-01 17:54:33 - INFO - [ConfigurationFactory]: collision: it.gius.pePpe.collision.FullDistanceCollision
2013-09-01 17:54:33 - INFO - [ConfigurationFactory]: simulator: it.gius.pePpe.simulator.processing.ProcessingSimulator
2013-09-01 17:54:33 - INFO - [ConfigurationFactory]: singleStepIntegrator: it.gius.pePpe.integrator.RK4Integrator
2013-09-01 17:54:33 - INFO - [ConfigurationFactory]: doubleStepIntegrator: it.gius.pePpe.integrator.EulerIntegrator
2013-09-01 17:54:33 - INFO - [ConfigurationFactory]: contactManager: it.gius.pePpe.contact.ContactManager
2013-09-01 17:54:33 - INFO - [ProcessingSimulator]: starting simulation: Distance
2013-09-01 17:54:33 - DEBUG - [GjkStandardAlgorithm]: max iterations: 1
2013-09-01 17:54:34 - DEBUG - [GjkStandardAlgorithm]: max iterations: 2
2013-09-01 17:54:37 - DEBUG - [GjkStandardAlgorithm]: max iterations: 3
2013-09-01 17:54:40 - INFO - [SimpleNotifier]: Simulation Distance ended before time elapsed
2013-09-01 17:54:49 - INFO - [ConfigurationFactory]: xml file: beans-pePpe.xml
2013-09-01 17:54:49 - INFO - [ConfigurationFactory]: default properties file: defaultContext.properties
2013-09-01 17:54:49 - INFO - [ConfigurationFactory]: user properties file: Moving-pePpe.properties
2013-09-01 17:54:49 - INFO - [XmlBeanDefinitionReader]: Loading XML bean definitions from class path resource [beans-pePpe.xml]
2013-09-01 17:54:49 - INFO - [PropertyPlaceholderConfigurer]: Loading properties file from class path resource [defaultContext.properties]
2013-09-01 17:54:49 - INFO - [PropertyPlaceholderConfigurer]: Loading properties file from class path resource [Moving-pePpe.properties]
2013-09-01 17:54:49 - INFO - [ConfigurationFactory]: aabbManager: it.gius.pePpe.aabb.sap.AABBSweepAndPrune
2013-09-01 17:54:49 - INFO - [ConfigurationFactory]: aabbUpdater: it.gius.pePpe.aabb.AABBUpdater
2013-09-01 17:54:49 - INFO - [ConfigurationFactory]: distance2: it.gius.pePpe.distance.GjkDistanceStatelessImpl
2013-09-01 17:54:49 - INFO - [ConfigurationFactory]: collision: it.gius.pePpe.collision.FullDistanceCollision
2013-09-01 17:54:49 - INFO - [ConfigurationFactory]: simulator: it.gius.pePpe.simulator.processing.ProcessingSimulator
2013-09-01 17:54:49 - INFO - [ConfigurationFactory]: singleStepIntegrator: it.gius.pePpe.integrator.RK4Integrator
2013-09-01 17:54:49 - INFO - [ConfigurationFactory]: doubleStepIntegrator: it.gius.pePpe.integrator.EulerIntegrator
2013-09-01 17:54:49 - INFO - [ConfigurationFactory]: contactManager: it.gius.pePpe.contact.ContactManager
2013-09-01 17:54:49 - INFO - [ProcessingSimulator]: starting simulation: Moving
2013-09-01 17:55:30 - DEBUG - [GjkStandardAlgorithm]: max iterations: 1
2013-09-01 17:55:32 - DEBUG - [GjkStandardAlgorithm]: max iterations: 3
2013-09-01 17:55:34 - DEBUG - [EpaAlgorithm]: max iterations: 5
2013-09-01 17:56:04 - INFO - [ProcessingDrawingApplet]: activating: contacts
2013-09-01 17:56:09 - INFO - [SimpleNotifier]: Simulation Moving ended for time elapsed
2013-09-01 17:56:30 - INFO - [ConfigurationFactory]: xml file: beans-pePpe.xml
2013-09-01 17:56:30 - INFO - [ConfigurationFactory]: default properties file: defaultContext.properties
2013-09-01 17:56:30 - INFO - [ConfigurationFactory]: user properties file: Moving-pePpe.properties
2013-09-01 17:56:30 - INFO - [XmlBeanDefinitionReader]: Loading XML bean definitions from class path resource [beans-pePpe.xml]
2013-09-01 17:56:30 - INFO - [PropertyPlaceholderConfigurer]: Loading properties file from class path resource [defaultContext.properties]
2013-09-01 17:56:30 - INFO - [PropertyPlaceholderConfigurer]: Loading properties file from class path resource [Moving-pePpe.properties]
2013-09-01 17:56:30 - INFO - [ConfigurationFactory]: aabbManager: it.gius.pePpe.aabb.sap.AABBSweepAndPrune
2013-09-01 17:56:30 - INFO - [ConfigurationFactory]: aabbUpdater: it.gius.pePpe.aabb.AABBUpdater
2013-09-01 17:56:30 - INFO - [ConfigurationFactory]: distance2: it.gius.pePpe.distance.GjkDistanceStatelessImpl
2013-09-01 17:56:30 - INFO - [ConfigurationFactory]: collision: it.gius.pePpe.collision.FullDistanceCollision
2013-09-01 17:56:30 - INFO - [ConfigurationFactory]: simulator: it.gius.pePpe.simulator.processing.ProcessingSimulator
2013-09-01 17:56:30 - INFO - [ConfigurationFactory]: singleStepIntegrator: it.gius.pePpe.integrator.RK4Integrator
2013-09-01 17:56:30 - INFO - [ConfigurationFactory]: doubleStepIntegrator: it.gius.pePpe.integrator.EulerIntegrator
2013-09-01 17:56:30 - INFO - [ConfigurationFactory]: contactManager: it.gius.pePpe.contact.ContactManager
2013-09-01 17:56:30 - INFO - [ProcessingSimulator]: starting simulation: Moving
2013-09-01 17:56:34 - INFO - [ProcessingDrawingApplet]: activating: contacts
2013-09-01 17:56:35 - DEBUG - [GjkStandardAlgorithm]: max iterations: 1
2013-09-01 17:57:15 - DEBUG - [GjkStandardAlgorithm]: max iterations: 3
2013-09-01 17:57:45 - INFO - [SimpleNotifier]: Simulation Moving ended before time elapsed
2013-09-01 17:58:03 - INFO - [ConfigurationFactory]: xml file: beans-pePpe.xml
2013-09-01 17:58:03 - INFO - [ConfigurationFactory]: default properties file: defaultContext.properties
2013-09-01 17:58:03 - INFO - [XmlBeanDefinitionReader]: Loading XML bean definitions from class path resource [beans-pePpe.xml]
2013-09-01 17:58:03 - INFO - [PropertyPlaceholderConfigurer]: Loading properties file from class path resource [defaultContext.properties]
2013-09-01 17:58:03 - INFO - [ConfigurationFactory]: aabbManager: it.gius.pePpe.aabb.sap.AABBSweepAndPrune
2013-09-01 17:58:03 - INFO - [ConfigurationFactory]: aabbUpdater: it.gius.pePpe.aabb.AABBUpdater
2013-09-01 17:58:03 - INFO - [ConfigurationFactory]: distance2: it.gius.pePpe.distance.GjkDistanceStatelessImpl
2013-09-01 17:58:03 - INFO - [ConfigurationFactory]: collision: it.gius.pePpe.collision.FullDistanceCollision
2013-09-01 17:58:03 - INFO - [ConfigurationFactory]: simulator: it.gius.pePpe.simulator.processing.ProcessingSimulator
2013-09-01 17:58:03 - INFO - [ConfigurationFactory]: singleStepIntegrator: it.gius.pePpe.integrator.RK4Integrator
2013-09-01 17:58:03 - INFO - [ConfigurationFactory]: doubleStepIntegrator: it.gius.pePpe.integrator.EulerIntegrator
2013-09-01 17:58:03 - INFO - [ConfigurationFactory]: contactManager: it.gius.pePpe.contact.ContactManager
2013-09-01 17:58:03 - INFO - [ProcessingSimulator]: starting simulation: Box stacking
2013-09-01 17:58:39 - DEBUG - [EpaAlgorithm]: max iterations: 5
2013-09-01 17:59:18 - INFO - [SimpleNotifier]: Simulation Box stacking ended!
2013-09-01 17:59:28 - INFO - [ConfigurationFactory]: xml file: beans-pePpe.xml
2013-09-01 17:59:28 - INFO - [ConfigurationFactory]: default properties file: defaultContext.properties
2013-09-01 17:59:28 - INFO - [XmlBeanDefinitionReader]: Loading XML bean definitions from class path resource [beans-pePpe.xml]
2013-09-01 17:59:28 - INFO - [PropertyPlaceholderConfigurer]: Loading properties file from class path resource [defaultContext.properties]
2013-09-01 17:59:28 - INFO - [ConfigurationFactory]: aabbManager: it.gius.pePpe.aabb.sap.AABBSweepAndPrune
2013-09-01 17:59:28 - INFO - [ConfigurationFactory]: aabbUpdater: it.gius.pePpe.aabb.AABBUpdater
2013-09-01 17:59:28 - INFO - [ConfigurationFactory]: distance2: it.gius.pePpe.distance.GjkDistanceStatelessImpl
2013-09-01 17:59:28 - INFO - [ConfigurationFactory]: collision: it.gius.pePpe.collision.FullDistanceCollision
2013-09-01 17:59:28 - INFO - [ConfigurationFactory]: simulator: it.gius.pePpe.simulator.processing.ProcessingSimulator
2013-09-01 17:59:28 - INFO - [ConfigurationFactory]: singleStepIntegrator: it.gius.pePpe.integrator.RK4Integrator
2013-09-01 17:59:28 - INFO - [ConfigurationFactory]: doubleStepIntegrator: it.gius.pePpe.integrator.EulerIntegrator
2013-09-01 17:59:28 - INFO - [ConfigurationFactory]: contactManager: it.gius.pePpe.contact.ContactManager
2013-09-01 17:59:28 - INFO - [ProcessingSimulator]: starting simulation: Box stacking
2013-09-01 17:59:34 - DEBUG - [EpaAlgorithm]: max iterations: 5
2013-09-01 18:00:30 - INFO - [SimpleNotifier]: Simulation Box stacking ended!
2013-09-01 18:01:03 - INFO - [ConfigurationFactory]: xml file: beans-pePpe.xml
2013-09-01 18:01:03 - INFO - [ConfigurationFactory]: default properties file: defaultContext.properties
2013-09-01 18:01:03 - INFO - [XmlBeanDefinitionReader]: Loading XML bean definitions from class path resource [beans-pePpe.xml]
2013-09-01 18:01:03 - INFO - [PropertyPlaceholderConfigurer]: Loading properties file from class path resource [defaultContext.properties]
2013-09-01 18:01:03 - INFO - [ConfigurationFactory]: aabbManager: it.gius.pePpe.aabb.sap.AABBSweepAndPrune
2013-09-01 18:01:03 - INFO - [ConfigurationFactory]: aabbUpdater: it.gius.pePpe.aabb.AABBUpdater
2013-09-01 18:01:03 - INFO - [ConfigurationFactory]: distance2: it.gius.pePpe.distance.GjkDistanceStatelessImpl
2013-09-01 18:01:03 - INFO - [ConfigurationFactory]: collision: it.gius.pePpe.collision.FullDistanceCollision
2013-09-01 18:01:03 - INFO - [ConfigurationFactory]: simulator: it.gius.pePpe.simulator.processing.ProcessingSimulator
2013-09-01 18:01:03 - INFO - [ConfigurationFactory]: singleStepIntegrator: it.gius.pePpe.integrator.RK4Integrator
2013-09-01 18:01:03 - INFO - [ConfigurationFactory]: doubleStepIntegrator: it.gius.pePpe.integrator.EulerIntegrator
2013-09-01 18:01:03 - INFO - [ConfigurationFactory]: contactManager: it.gius.pePpe.contact.ContactManager
2013-09-01 18:01:03 - INFO - [ProcessingSimulator]: starting simulation: Single Cloth
2013-09-01 18:01:40 - INFO - [SimpleNotifier]: Simulation Single Cloth ended for time elapsed
2018-12-29 16:05:38 - INFO - [ConfigurationFactory]: xml file: beans-pePpe.xml
2018-12-29 16:05:38 - INFO - [ConfigurationFactory]: default properties file: defaultContext.properties
2018-12-29 16:05:38 - INFO - [ConfigurationFactory]: user properties file: Moving-pePpe.properties
2018-12-29 16:05:38 - INFO - [XmlBeanDefinitionReader]: Loading XML bean definitions from class path resource [beans-pePpe.xml]
2018-12-29 16:05:38 - INFO - [PropertyPlaceholderConfigurer]: Loading properties file from class path resource [defaultContext.properties]
2018-12-29 16:05:38 - INFO - [PropertyPlaceholderConfigurer]: Loading properties file from class path resource [Moving-pePpe.properties]
2018-12-29 16:05:38 - INFO - [ConfigurationFactory]: aabbManager: it.gius.pePpe.aabb.sap.AABBSweepAndPrune
2018-12-29 16:05:39 - INFO - [ConfigurationFactory]: aabbUpdater: it.gius.pePpe.aabb.AABBUpdater
2018-12-29 16:05:39 - INFO - [ConfigurationFactory]: distance2: it.gius.pePpe.distance.GjkDistanceStatelessImpl
2018-12-29 16:05:39 - INFO - [ConfigurationFactory]: collision: it.gius.pePpe.collision.FullDistanceCollision
2018-12-29 16:05:39 - INFO - [ConfigurationFactory]: simulator: it.gius.pePpe.simulator.processing.ProcessingSimulator
2018-12-29 16:05:39 - INFO - [ConfigurationFactory]: singleStepIntegrator: it.gius.pePpe.integrator.RK4Integrator
2018-12-29 16:05:39 - INFO - [ConfigurationFactory]: doubleStepIntegrator: it.gius.pePpe.integrator.EulerIntegrator
2018-12-29 16:05:39 - INFO - [ConfigurationFactory]: contactManager: it.gius.pePpe.contact.ContactManager
2018-12-29 16:05:39 - INFO - [ProcessingSimulator]: starting simulation: Moving
2018-12-29 16:05:51 - DEBUG - [GjkStandardAlgorithm]: max iterations: 1
2018-12-29 16:05:53 - DEBUG - [GjkStandardAlgorithm]: max iterations: 3
2018-12-29 16:05:55 - DEBUG - [EpaAlgorithm]: max iterations: 5
2018-12-29 16:06:30 - INFO - [SimpleNotifier]: Simulation Moving ended for time elapsed
2018-12-29 16:07:36 - INFO - [ConfigurationFactory]: xml file: beans-pePpe.xml
2018-12-29 16:07:36 - INFO - [ConfigurationFactory]: default properties file: defaultContext.properties
2018-12-29 16:07:36 - INFO - [XmlBeanDefinitionReader]: Loading XML bean definitions from class path resource [beans-pePpe.xml]
2018-12-29 16:07:36 - INFO - [PropertyPlaceholderConfigurer]: Loading properties file from class path resource [defaultContext.properties]
2018-12-29 16:07:36 - INFO - [ConfigurationFactory]: aabbManager: it.gius.pePpe.aabb.sap.AABBSweepAndPrune
2018-12-29 16:07:36 - INFO - [ConfigurationFactory]: aabbUpdater: it.gius.pePpe.aabb.AABBUpdater
2018-12-29 16:07:36 - INFO - [ConfigurationFactory]: distance2: it.gius.pePpe.distance.GjkDistanceStatelessImpl
2018-12-29 16:07:36 - INFO - [ConfigurationFactory]: collision: it.gius.pePpe.collision.FullDistanceCollision
2018-12-29 16:07:36 - INFO - [ConfigurationFactory]: simulator: it.gius.pePpe.simulator.processing.ProcessingSimulator
2018-12-29 16:07:36 - INFO - [ConfigurationFactory]: singleStepIntegrator: it.gius.pePpe.integrator.RK4Integrator
2018-12-29 16:07:36 - INFO - [ConfigurationFactory]: doubleStepIntegrator: it.gius.pePpe.integrator.EulerIntegrator
2018-12-29 16:07:36 - INFO - [ConfigurationFactory]: contactManager: it.gius.pePpe.contact.ContactManager
2018-12-29 16:07:36 - INFO - [ProcessingSimulator]: starting simulation: Box stacking
2018-12-29 16:07:39 - INFO - [SimpleNotifier]: Simulation Box stacking ended for time elapsed
2018-12-29 16:07:41 - INFO - [ProcessingDrawingApplet]: Simulation ended!
2018-12-29 16:07:58 - INFO - [ConfigurationFactory]: xml file: beans-pePpe.xml
2018-12-29 16:07:58 - INFO - [ConfigurationFactory]: default properties file: defaultContext.properties
2018-12-29 16:07:58 - INFO - [XmlBeanDefinitionReader]: Loading XML bean definitions from class path resource [beans-pePpe.xml]
2018-12-29 16:07:58 - INFO - [PropertyPlaceholderConfigurer]: Loading properties file from class path resource [defaultContext.properties]
2018-12-29 16:07:58 - INFO - [ConfigurationFactory]: aabbManager: it.gius.pePpe.aabb.sap.AABBSweepAndPrune
2018-12-29 16:07:58 - INFO - [ConfigurationFactory]: aabbUpdater: it.gius.pePpe.aabb.AABBUpdater
2018-12-29 16:07:58 - INFO - [ConfigurationFactory]: distance2: it.gius.pePpe.distance.GjkDistanceStatelessImpl
2018-12-29 16:07:58 - INFO - [ConfigurationFactory]: collision: it.gius.pePpe.collision.FullDistanceCollision
2018-12-29 16:07:58 - INFO - [ConfigurationFactory]: simulator: it.gius.pePpe.simulator.processing.ProcessingSimulator
2018-12-29 16:07:58 - INFO - [ConfigurationFactory]: singleStepIntegrator: it.gius.pePpe.integrator.RK4Integrator
2018-12-29 16:07:58 - INFO - [ConfigurationFactory]: doubleStepIntegrator: it.gius.pePpe.integrator.EulerIntegrator
2018-12-29 16:07:58 - INFO - [ConfigurationFactory]: contactManager: it.gius.pePpe.contact.ContactManager
2018-12-29 16:07:58 - INFO - [ProcessingSimulator]: starting simulation: Box stacking
2018-12-29 16:08:17 - DEBUG - [EpaAlgorithm]: max iterations: 5
2018-12-29 16:08:20 - INFO - [SimpleNotifier]: Simulation Box stacking ended!
2018-12-29 16:08:36 - INFO - [ConfigurationFactory]: xml file: beans-pePpe.xml
2018-12-29 16:08:36 - INFO - [ConfigurationFactory]: default properties file: defaultContext.properties
2018-12-29 16:08:36 - INFO - [ConfigurationFactory]: user properties file: Distance-pePpe.properties
2018-12-29 16:08:36 - INFO - [XmlBeanDefinitionReader]: Loading XML bean definitions from class path resource [beans-pePpe.xml]
2018-12-29 16:08:36 - INFO - [PropertyPlaceholderConfigurer]: Loading properties file from class path resource [defaultContext.properties]
2018-12-29 16:08:36 - INFO - [PropertyPlaceholderConfigurer]: Loading properties file from class path resource [Distance-pePpe.properties]
2018-12-29 16:08:36 - INFO - [ConfigurationFactory]: aabbManager: it.gius.pePpe.aabb.sap.AABBSweepAndPrune
2018-12-29 16:08:36 - INFO - [ConfigurationFactory]: aabbUpdater: it.gius.pePpe.aabb.AABBUpdater
2018-12-29 16:08:36 - INFO - [ConfigurationFactory]: distance2: it.gius.pePpe.distance.GjkDistanceStatelessImpl
2018-12-29 16:08:36 - INFO - [ConfigurationFactory]: collision: it.gius.pePpe.collision.FullDistanceCollision
2018-12-29 16:08:36 - INFO - [ConfigurationFactory]: simulator: it.gius.pePpe.simulator.processing.ProcessingSimulator
2018-12-29 16:08:36 - INFO - [ConfigurationFactory]: singleStepIntegrator: it.gius.pePpe.integrator.RK4Integrator
2018-12-29 16:08:36 - INFO - [ConfigurationFactory]: doubleStepIntegrator: it.gius.pePpe.integrator.EulerIntegrator
2018-12-29 16:08:36 - INFO - [ConfigurationFactory]: contactManager: it.gius.pePpe.contact.ContactManager
2018-12-29 16:08:36 - INFO - [ProcessingSimulator]: starting simulation: Distance
2018-12-29 16:08:36 - DEBUG - [GjkStandardAlgorithm]: max iterations: 1
2018-12-29 16:08:49 - DEBUG - [GjkStandardAlgorithm]: max iterations: 2
2018-12-29 16:08:51 - INFO - [SimpleNotifier]: Simulation Distance ended for time elapsed
2018-12-29 16:09:10 - INFO - [ConfigurationFactory]: xml file: beans-pePpe.xml
2018-12-29 16:09:10 - INFO - [ConfigurationFactory]: default properties file: defaultContext.properties
2018-12-29 16:09:10 - INFO - [ConfigurationFactory]: user properties file: Distance-pePpe.properties
2018-12-29 16:09:10 - INFO - [XmlBeanDefinitionReader]: Loading XML bean definitions from class path resource [beans-pePpe.xml]
2018-12-29 16:09:10 - INFO - [PropertyPlaceholderConfigurer]: Loading properties file from class path resource [defaultContext.properties]
2018-12-29 16:09:10 - INFO - [PropertyPlaceholderConfigurer]: Loading properties file from class path resource [Distance-pePpe.properties]
2018-12-29 16:09:10 - INFO - [ConfigurationFactory]: aabbManager: it.gius.pePpe.aabb.sap.AABBSweepAndPrune
2018-12-29 16:09:10 - INFO - [ConfigurationFactory]: aabbUpdater: it.gius.pePpe.aabb.AABBUpdater
2018-12-29 16:09:10 - INFO - [ConfigurationFactory]: distance2: it.gius.pePpe.distance.GjkDistanceStatelessImpl
2018-12-29 16:09:10 - INFO - [ConfigurationFactory]: collision: it.gius.pePpe.collision.FullDistanceCollision
2018-12-29 16:09:10 - INFO - [ConfigurationFactory]: simulator: it.gius.pePpe.simulator.processing.ProcessingSimulator
2018-12-29 16:09:10 - INFO - [ConfigurationFactory]: singleStepIntegrator: it.gius.pePpe.integrator.RK4Integrator
2018-12-29 16:09:10 - INFO - [ConfigurationFactory]: doubleStepIntegrator: it.gius.pePpe.integrator.EulerIntegrator
2018-12-29 16:09:10 - INFO - [ConfigurationFactory]: contactManager: it.gius.pePpe.contact.ContactManager
2018-12-29 16:09:10 - INFO - [ProcessingSimulator]: starting simulation: Distance
2018-12-29 16:09:10 - DEBUG - [GjkStandardAlgorithm]: max iterations: 1
2018-12-29 16:09:12 - DEBUG - [GjkStandardAlgorithm]: max iterations: 2
2018-12-29 16:09:14 - DEBUG - [GjkStandardAlgorithm]: max iterations: 3
2018-12-29 16:09:21 - INFO - [SimpleNotifier]: Simulation Distance ended before time elapsed
2018-12-29 16:09:33 - INFO - [ConfigurationFactory]: xml file: beans-pePpe.xml
2018-12-29 16:09:33 - INFO - [ConfigurationFactory]: default properties file: defaultContext.properties
2018-12-29 16:09:33 - INFO - [ConfigurationFactory]: user properties file: Distance-pePpe.properties
2018-12-29 16:09:33 - INFO - [XmlBeanDefinitionReader]: Loading XML bean definitions from class path resource [beans-pePpe.xml]
2018-12-29 16:09:33 - INFO - [PropertyPlaceholderConfigurer]: Loading properties file from class path resource [defaultContext.properties]
2018-12-29 16:09:33 - INFO - [PropertyPlaceholderConfigurer]: Loading properties file from class path resource [Distance-pePpe.properties]
2018-12-29 16:09:33 - INFO - [ConfigurationFactory]: aabbManager: it.gius.pePpe.aabb.sap.AABBSweepAndPrune
2018-12-29 16:09:33 - INFO - [ConfigurationFactory]: aabbUpdater: it.gius.pePpe.aabb.AABBUpdater
2018-12-29 16:09:33 - INFO - [ConfigurationFactory]: distance2: it.gius.pePpe.distance.GjkDistanceStatelessImpl
2018-12-29 16:09:33 - INFO - [ConfigurationFactory]: collision: it.gius.pePpe.collision.FullDistanceCollision
2018-12-29 16:09:33 - INFO - [ConfigurationFactory]: simulator: it.gius.pePpe.simulator.processing.ProcessingSimulator
2018-12-29 16:09:33 - INFO - [ConfigurationFactory]: singleStepIntegrator: it.gius.pePpe.integrator.RK4Integrator
2018-12-29 16:09:33 - INFO - [ConfigurationFactory]: doubleStepIntegrator: it.gius.pePpe.integrator.EulerIntegrator
2018-12-29 16:09:33 - INFO - [ConfigurationFactory]: contactManager: it.gius.pePpe.contact.ContactManager
2018-12-29 16:09:33 - INFO - [ProcessingSimulator]: starting simulation: Distance
2018-12-29 16:09:33 - DEBUG - [GjkStandardAlgorithm]: max iterations: 1
2018-12-29 16:09:35 - DEBUG - [GjkStandardAlgorithm]: max iterations: 2
2018-12-29 16:09:38 - DEBUG - [GjkStandardAlgorithm]: max iterations: 3
2018-12-29 16:09:48 - INFO - [SimpleNotifier]: Simulation Distance ended for time elapsed
2018-12-29 16:09:55 - INFO - [ConfigurationFactory]: xml file: beans-pePpe.xml
2018-12-29 16:09:55 - INFO - [ConfigurationFactory]: default properties file: defaultContext.properties
2018-12-29 16:09:55 - INFO - [XmlBeanDefinitionReader]: Loading XML bean definitions from class path resource [beans-pePpe.xml]
2018-12-29 16:09:55 - INFO - [PropertyPlaceholderConfigurer]: Loading properties file from class path resource [defaultContext.properties]
2018-12-29 16:09:55 - INFO - [ConfigurationFactory]: aabbManager: it.gius.pePpe.aabb.sap.AABBSweepAndPrune
2018-12-29 16:09:55 - INFO - [ConfigurationFactory]: aabbUpdater: it.gius.pePpe.aabb.AABBUpdater
2018-12-29 16:09:55 - INFO - [ConfigurationFactory]: distance2: it.gius.pePpe.distance.GjkDistanceStatelessImpl
2018-12-29 16:09:55 - INFO - [ConfigurationFactory]: collision: it.gius.pePpe.collision.FullDistanceCollision
2018-12-29 16:09:55 - INFO - [ConfigurationFactory]: simulator: it.gius.pePpe.simulator.processing.ProcessingSimulator
2018-12-29 16:09:55 - INFO - [ConfigurationFactory]: singleStepIntegrator: it.gius.pePpe.integrator.RK4Integrator
2018-12-29 16:09:55 - INFO - [ConfigurationFactory]: doubleStepIntegrator: it.gius.pePpe.integrator.EulerIntegrator
2018-12-29 16:09:55 - INFO - [ConfigurationFactory]: contactManager: it.gius.pePpe.contact.ContactManager
2018-12-29 16:09:55 - INFO - [ProcessingSimulator]: starting simulation: Single Cloth
2018-12-29 16:10:23 - INFO - [SimpleNotifier]: Simulation Single Cloth ended before time elapsed
2018-12-29 16:10:33 - INFO - [ConfigurationFactory]: xml file: beans-pePpe.xml
2018-12-29 16:10:33 - INFO - [ConfigurationFactory]: default properties file: defaultContext.properties
2018-12-29 16:10:33 - INFO - [XmlBeanDefinitionReader]: Loading XML bean definitions from class path resource [beans-pePpe.xml]
2018-12-29 16:10:33 - INFO - [PropertyPlaceholderConfigurer]: Loading properties file from class path resource [defaultContext.properties]
2018-12-29 16:10:33 - INFO - [ConfigurationFactory]: aabbManager: it.gius.pePpe.aabb.sap.AABBSweepAndPrune
2018-12-29 16:10:33 - INFO - [ConfigurationFactory]: aabbUpdater: it.gius.pePpe.aabb.AABBUpdater
2018-12-29 16:10:33 - INFO - [ConfigurationFactory]: distance2: it.gius.pePpe.distance.GjkDistanceStatelessImpl
2018-12-29 16:10:33 - INFO - [ConfigurationFactory]: collision: it.gius.pePpe.collision.FullDistanceCollision
2018-12-29 16:10:33 - INFO - [ConfigurationFactory]: simulator: it.gius.pePpe.simulator.processing.ProcessingSimulator
2018-12-29 16:10:33 - INFO - [ConfigurationFactory]: singleStepIntegrator: it.gius.pePpe.integrator.RK4Integrator
2018-12-29 16:10:33 - INFO - [ConfigurationFactory]: doubleStepIntegrator: it.gius.pePpe.integrator.EulerIntegrator
2018-12-29 16:10:33 - INFO - [ConfigurationFactory]: contactManager: it.gius.pePpe.contact.ContactManager
2018-12-29 16:10:33 - INFO - [ProcessingSimulator]: starting simulation: Void
2018-12-29 16:10:42 - INFO - [ProcessingDrawingApplet]: No more bodies to remove
2018-12-29 16:10:54 - INFO - [ProcessingDrawingApplet]: Body deleted
2018-12-29 16:11:15 - INFO - [ProcessingDrawingApplet]: disactivating: standard
2018-12-29 19:26:07 - INFO - [ConfigurationFactory]: xml file: beans-pePpe.xml
2018-12-29 19:26:07 - INFO - [ConfigurationFactory]: default properties file: defaultContext.properties
2018-12-29 19:26:07 - INFO - [ConfigurationFactory]: user properties file: Moving-pePpe.properties
2018-12-29 19:26:07 - INFO - [XmlBeanDefinitionReader]: Loading XML bean definitions from class path resource [beans-pePpe.xml]
2018-12-29 19:26:08 - INFO - [PropertyPlaceholderConfigurer]: Loading properties file from class path resource [defaultContext.properties]
2018-12-29 19:26:08 - INFO - [PropertyPlaceholderConfigurer]: Loading properties file from class path resource [Moving-pePpe.properties]
2018-12-29 19:26:08 - INFO - [ConfigurationFactory]: aabbManager: it.gius.pePpe.aabb.sap.AABBSweepAndPrune
2018-12-29 19:26:08 - INFO - [ConfigurationFactory]: aabbUpdater: it.gius.pePpe.aabb.AABBUpdater
2018-12-29 19:26:08 - INFO - [ConfigurationFactory]: distance2: it.gius.pePpe.distance.GjkDistanceStatelessImpl
2018-12-29 19:26:08 - INFO - [ConfigurationFactory]: collision: it.gius.pePpe.collision.FullDistanceCollision
2018-12-29 19:26:08 - INFO - [ConfigurationFactory]: simulator: it.gius.pePpe.simulator.processing.ProcessingSimulator
2018-12-29 19:26:08 - INFO - [ConfigurationFactory]: singleStepIntegrator: it.gius.pePpe.integrator.RK4Integrator
2018-12-29 19:26:08 - INFO - [ConfigurationFactory]: doubleStepIntegrator: it.gius.pePpe.integrator.EulerIntegrator
2018-12-29 19:26:08 - INFO - [ConfigurationFactory]: contactManager: it.gius.pePpe.contact.ContactManager
2018-12-29 19:26:08 - INFO - [ProcessingSimulator]: starting simulation: Moving
2018-12-29 19:26:15 - DEBUG - [GjkStandardAlgorithm]: max iterations: 1
2018-12-29 19:26:16 - DEBUG - [GjkStandardAlgorithm]: max iterations: 3
2018-12-29 19:26:18 - DEBUG - [EpaAlgorithm]: max iterations: 5
2018-12-29 19:26:31 - INFO - [SimpleNotifier]: Simulation Moving ended for time elapsed
2018-12-29 19:26:31 - INFO - [SimpleNotifier]: Simulation Moving ended before time elapsed
2018-12-29 19:28:26 - INFO - [ConfigurationFactory]: xml file: beans-pePpe.xml
2018-12-29 19:28:26 - INFO - [ConfigurationFactory]: default properties file: defaultContext.properties
2018-12-29 19:28:26 - INFO - [ConfigurationFactory]: user properties file: Moving-pePpe.properties
2018-12-29 19:28:26 - INFO - [XmlBeanDefinitionReader]: Loading XML bean definitions from class path resource [beans-pePpe.xml]
2018-12-29 19:28:26 - INFO - [PropertyPlaceholderConfigurer]: Loading properties file from class path resource [defaultContext.properties]
2018-12-29 19:28:26 - INFO - [PropertyPlaceholderConfigurer]: Loading properties file from class path resource [Moving-pePpe.properties]
2018-12-29 19:28:26 - INFO - [ConfigurationFactory]: aabbManager: it.gius.pePpe.aabb.sap.AABBSweepAndPrune
2018-12-29 19:28:26 - INFO - [ConfigurationFactory]: aabbUpdater: it.gius.pePpe.aabb.AABBUpdater
2018-12-29 19:28:26 - INFO - [ConfigurationFactory]: distance2: it.gius.pePpe.distance.GjkDistanceStatelessImpl
2018-12-29 19:28:26 - INFO - [ConfigurationFactory]: collision: it.gius.pePpe.collision.FullDistanceCollision
2018-12-29 19:28:26 - INFO - [ConfigurationFactory]: simulator: it.gius.pePpe.simulator.processing.ProcessingSimulator
2018-12-29 19:28:26 - INFO - [ConfigurationFactory]: singleStepIntegrator: it.gius.pePpe.integrator.RK4Integrator
2018-12-29 19:28:26 - INFO - [ConfigurationFactory]: doubleStepIntegrator: it.gius.pePpe.integrator.EulerIntegrator
2018-12-29 19:28:26 - INFO - [ConfigurationFactory]: contactManager: it.gius.pePpe.contact.ContactManager
2018-12-29 19:28:26 - INFO - [ProcessingSimulator]: starting simulation: Moving
2018-12-29 19:28:35 - DEBUG - [GjkStandardAlgorithm]: max iterations: 1
2018-12-29 19:28:37 - DEBUG - [GjkStandardAlgorithm]: max iterations: 3
2018-12-29 19:28:39 - DEBUG - [EpaAlgorithm]: max iterations: 5
2018-12-29 19:28:52 - INFO - [SimpleNotifier]: Simulation Moving ended for time elapsed
2018-12-29 19:30:35 - INFO - [ConfigurationFactory]: xml file: beans-pePpe.xml
2018-12-29 19:30:35 - INFO - [ConfigurationFactory]: default properties file: defaultContext.properties
2018-12-29 19:30:35 - INFO - [XmlBeanDefinitionReader]: Loading XML bean definitions from class path resource [beans-pePpe.xml]
2018-12-29 19:30:35 - INFO - [PropertyPlaceholderConfigurer]: Loading properties file from class path resource [defaultContext.properties]
2018-12-29 19:30:35 - INFO - [ConfigurationFactory]: aabbManager: it.gius.pePpe.aabb.sap.AABBSweepAndPrune
2018-12-29 19:30:35 - INFO - [ConfigurationFactory]: aabbUpdater: it.gius.pePpe.aabb.AABBUpdater
2018-12-29 19:30:35 - INFO - [ConfigurationFactory]: distance2: it.gius.pePpe.distance.GjkDistanceStatelessImpl
2018-12-29 19:30:35 - INFO - [ConfigurationFactory]: collision: it.gius.pePpe.collision.FullDistanceCollision
2018-12-29 19:30:35 - INFO - [ConfigurationFactory]: simulator: it.gius.pePpe.simulator.processing.ProcessingSimulator
2018-12-29 19:30:35 - INFO - [ConfigurationFactory]: singleStepIntegrator: it.gius.pePpe.integrator.RK4Integrator
2018-12-29 19:30:35 - INFO - [ConfigurationFactory]: doubleStepIntegrator: it.gius.pePpe.integrator.EulerIntegrator
2018-12-29 19:30:35 - INFO - [ConfigurationFactory]: contactManager: it.gius.pePpe.contact.ContactManager
2018-12-29 19:30:35 - INFO - [ProcessingSimulator]: starting simulation: Box stacking
2018-12-29 19:31:09 - DEBUG - [EpaAlgorithm]: max iterations: 5
2018-12-29 19:31:19 - DEBUG - [EpaAlgorithm]: max iterations: 6
2018-12-29 19:31:23 - DEBUG - [EpaAlgorithm]: max iterations: 7
2018-12-29 19:34:05 - INFO - [SimpleNotifier]: Simulation Box stacking ended!
2018-12-29 19:34:41 - INFO - [ConfigurationFactory]: xml file: beans-pePpe.xml
2018-12-29 19:34:41 - INFO - [ConfigurationFactory]: default properties file: defaultContext.properties
2018-12-29 19:34:41 - INFO - [XmlBeanDefinitionReader]: Loading XML bean definitions from class path resource [beans-pePpe.xml]
2018-12-29 19:34:41 - INFO - [PropertyPlaceholderConfigurer]: Loading properties file from class path resource [defaultContext.properties]
2018-12-29 19:34:41 - INFO - [ConfigurationFactory]: aabbManager: it.gius.pePpe.aabb.sap.AABBSweepAndPrune
2018-12-29 19:34:41 - INFO - [ConfigurationFactory]: aabbUpdater: it.gius.pePpe.aabb.AABBUpdater
2018-12-29 19:34:41 - INFO - [ConfigurationFactory]: distance2: it.gius.pePpe.distance.GjkDistanceStatelessImpl
2018-12-29 19:34:41 - INFO - [ConfigurationFactory]: collision: it.gius.pePpe.collision.FullDistanceCollision
2018-12-29 19:34:41 - INFO - [ConfigurationFactory]: simulator: it.gius.pePpe.simulator.processing.ProcessingSimulator
2018-12-29 19:34:41 - INFO - [ConfigurationFactory]: singleStepIntegrator: it.gius.pePpe.integrator.RK4Integrator
2018-12-29 19:34:41 - INFO - [ConfigurationFactory]: doubleStepIntegrator: it.gius.pePpe.integrator.EulerIntegrator
2018-12-29 19:34:41 - INFO - [ConfigurationFactory]: contactManager: it.gius.pePpe.contact.ContactManager
2018-12-29 19:34:41 - INFO - [ProcessingSimulator]: starting simulation: Box stacking
2018-12-29 19:35:16 - DEBUG - [EpaAlgorithm]: max iterations: 5
2018-12-29 19:35:28 - DEBUG - [EpaAlgorithm]: max iterations: 6
2018-12-29 19:35:54 - INFO - [SimpleNotifier]: Simulation Box stacking ended!
2018-12-29 19:36:34 - INFO - [ConfigurationFactory]: xml file: beans-pePpe.xml
2018-12-29 19:36:34 - INFO - [ConfigurationFactory]: default properties file: defaultContext.properties
2018-12-29 19:36:34 - INFO - [XmlBeanDefinitionReader]: Loading XML bean definitions from class path resource [beans-pePpe.xml]
2018-12-29 19:36:34 - INFO - [PropertyPlaceholderConfigurer]: Loading properties file from class path resource [defaultContext.properties]
2018-12-29 19:36:34 - INFO - [ConfigurationFactory]: aabbManager: it.gius.pePpe.aabb.sap.AABBSweepAndPrune
2018-12-29 19:36:34 - INFO - [ConfigurationFactory]: aabbUpdater: it.gius.pePpe.aabb.AABBUpdater
2018-12-29 19:36:34 - INFO - [ConfigurationFactory]: distance2: it.gius.pePpe.distance.GjkDistanceStatelessImpl
2018-12-29 19:36:34 - INFO - [ConfigurationFactory]: collision: it.gius.pePpe.collision.FullDistanceCollision
2018-12-29 19:36:34 - INFO - [ConfigurationFactory]: simulator: it.gius.pePpe.simulator.processing.ProcessingSimulator
2018-12-29 19:36:34 - INFO - [ConfigurationFactory]: singleStepIntegrator: it.gius.pePpe.integrator.RK4Integrator
2018-12-29 19:36:34 - INFO - [ConfigurationFactory]: doubleStepIntegrator: it.gius.pePpe.integrator.EulerIntegrator
2018-12-29 19:36:34 - INFO - [ConfigurationFactory]: contactManager: it.gius.pePpe.contact.ContactManager
2018-12-29 19:36:34 - INFO - [ProcessingSimulator]: starting simulation: Box stacking
2018-12-29 19:36:38 - INFO - [SimpleNotifier]: Simulation Box stacking ended!
2018-12-29 19:36:59 - INFO - [ConfigurationFactory]: xml file: beans-pePpe.xml
2018-12-29 19:36:59 - INFO - [ConfigurationFactory]: default properties file: defaultContext.properties
2018-12-29 19:36:59 - INFO - [ConfigurationFactory]: user properties file: Distance-pePpe.properties
2018-12-29 19:36:59 - INFO - [XmlBeanDefinitionReader]: Loading XML bean definitions from class path resource [beans-pePpe.xml]
2018-12-29 19:36:59 - INFO - [PropertyPlaceholderConfigurer]: Loading properties file from class path resource [defaultContext.properties]
2018-12-29 19:36:59 - INFO - [PropertyPlaceholderConfigurer]: Loading properties file from class path resource [Distance-pePpe.properties]
2018-12-29 19:36:59 - INFO - [ConfigurationFactory]: aabbManager: it.gius.pePpe.aabb.sap.AABBSweepAndPrune
2018-12-29 19:36:59 - INFO - [ConfigurationFactory]: aabbUpdater: it.gius.pePpe.aabb.AABBUpdater
2018-12-29 19:36:59 - INFO - [ConfigurationFactory]: distance2: it.gius.pePpe.distance.GjkDistanceStatelessImpl
2018-12-29 19:36:59 - INFO - [ConfigurationFactory]: collision: it.gius.pePpe.collision.FullDistanceCollision
2018-12-29 19:36:59 - INFO - [ConfigurationFactory]: simulator: it.gius.pePpe.simulator.processing.ProcessingSimulator
2018-12-29 19:36:59 - INFO - [ConfigurationFactory]: singleStepIntegrator: it.gius.pePpe.integrator.RK4Integrator
2018-12-29 19:36:59 - INFO - [ConfigurationFactory]: doubleStepIntegrator: it.gius.pePpe.integrator.EulerIntegrator
2018-12-29 19:36:59 - INFO - [ConfigurationFactory]: contactManager: it.gius.pePpe.contact.ContactManager
2018-12-29 19:36:59 - INFO - [ProcessingSimulator]: starting simulation: Distance
2018-12-29 19:36:59 - DEBUG - [GjkStandardAlgorithm]: max iterations: 1
2018-12-29 19:37:04 - DEBUG - [GjkStandardAlgorithm]: max iterations: 2
2018-12-29 19:37:07 - DEBUG - [GjkStandardAlgorithm]: max iterations: 3
2018-12-29 19:37:17 - INFO - [SimpleNotifier]: Simulation Distance ended for time elapsed
2018-12-29 19:37:33 - INFO - [ConfigurationFactory]: xml file: beans-pePpe.xml
2018-12-29 19:37:33 - INFO - [ConfigurationFactory]: default properties file: defaultContext.properties
2018-12-29 19:37:33 - INFO - [ConfigurationFactory]: user properties file: Distance-pePpe.properties
2018-12-29 19:37:33 - INFO - [XmlBeanDefinitionReader]: Loading XML bean definitions from class path resource [beans-pePpe.xml]
2018-12-29 19:37:33 - INFO - [PropertyPlaceholderConfigurer]: Loading properties file from class path resource [defaultContext.properties]
2018-12-29 19:37:33 - INFO - [PropertyPlaceholderConfigurer]: Loading properties file from class path resource [Distance-pePpe.properties]
2018-12-29 19:37:33 - INFO - [ConfigurationFactory]: aabbManager: it.gius.pePpe.aabb.sap.AABBSweepAndPrune
2018-12-29 19:37:33 - INFO - [ConfigurationFactory]: aabbUpdater: it.gius.pePpe.aabb.AABBUpdater
2018-12-29 19:37:33 - INFO - [ConfigurationFactory]: distance2: it.gius.pePpe.distance.GjkDistanceStatelessImpl
2018-12-29 19:37:33 - INFO - [ConfigurationFactory]: collision: it.gius.pePpe.collision.FullDistanceCollision
2018-12-29 19:37:33 - INFO - [ConfigurationFactory]: simulator: it.gius.pePpe.simulator.processing.ProcessingSimulator
2018-12-29 19:37:33 - INFO - [ConfigurationFactory]: singleStepIntegrator: it.gius.pePpe.integrator.RK4Integrator
2018-12-29 19:37:33 - INFO - [ConfigurationFactory]: doubleStepIntegrator: it.gius.pePpe.integrator.EulerIntegrator
2018-12-29 19:37:33 - INFO - [ConfigurationFactory]: contactManager: it.gius.pePpe.contact.ContactManager
2018-12-29 19:37:33 - INFO - [ProcessingSimulator]: starting simulation: Distance
2018-12-29 19:37:33 - DEBUG - [GjkStandardAlgorithm]: max iterations: 1
2018-12-29 19:37:48 - INFO - [SimpleNotifier]: Simulation Distance ended for time elapsed
2018-12-29 19:38:02 - INFO - [ConfigurationFactory]: xml file: beans-pePpe.xml
2018-12-29 19:38:02 - INFO - [ConfigurationFactory]: default properties file: defaultContext.properties
2018-12-29 19:38:02 - INFO - [ConfigurationFactory]: user properties file: Distance-pePpe.properties
2018-12-29 19:38:02 - INFO - [XmlBeanDefinitionReader]: Loading XML bean definitions from class path resource [beans-pePpe.xml]
2018-12-29 19:38:02 - INFO - [PropertyPlaceholderConfigurer]: Loading properties file from class path resource [defaultContext.properties]
2018-12-29 19:38:02 - INFO - [PropertyPlaceholderConfigurer]: Loading properties file from class path resource [Distance-pePpe.properties]
2018-12-29 19:38:02 - INFO - [ConfigurationFactory]: aabbManager: it.gius.pePpe.aabb.sap.AABBSweepAndPrune
2018-12-29 19:38:02 - INFO - [ConfigurationFactory]: aabbUpdater: it.gius.pePpe.aabb.AABBUpdater
2018-12-29 19:38:02 - INFO - [ConfigurationFactory]: distance2: it.gius.pePpe.distance.GjkDistanceStatelessImpl
2018-12-29 19:38:02 - INFO - [ConfigurationFactory]: collision: it.gius.pePpe.collision.FullDistanceCollision
2018-12-29 19:38:02 - INFO - [ConfigurationFactory]: simulator: it.gius.pePpe.simulator.processing.ProcessingSimulator
2018-12-29 19:38:02 - INFO - [ConfigurationFactory]: singleStepIntegrator: it.gius.pePpe.integrator.RK4Integrator
2018-12-29 19:38:02 - INFO - [ConfigurationFactory]: doubleStepIntegrator: it.gius.pePpe.integrator.EulerIntegrator
2018-12-29 19:38:02 - INFO - [ConfigurationFactory]: contactManager: it.gius.pePpe.contact.ContactManager
2018-12-29 19:38:02 - INFO - [ProcessingSimulator]: starting simulation: Distance
2018-12-29 19:38:02 - DEBUG - [GjkStandardAlgorithm]: max iterations: 1
2018-12-29 19:38:14 - DEBUG - [GjkStandardAlgorithm]: max iterations: 2
2018-12-29 19:38:25 - DEBUG - [GjkStandardAlgorithm]: max iterations: 3
2018-12-29 19:38:25 - DEBUG - [EpaAlgorithm]: max iterations: 5
2018-12-29 19:38:27 - INFO - [SimpleNotifier]: Simulation Distance ended for time elapsed
2018-12-29 19:38:33 - INFO - [ConfigurationFactory]: xml file: beans-pePpe.xml
2018-12-29 19:38:33 - INFO - [ConfigurationFactory]: default properties file: defaultContext.properties
2018-12-29 19:38:33 - INFO - [XmlBeanDefinitionReader]: Loading XML bean definitions from class path resource [beans-pePpe.xml]
2018-12-29 19:38:34 - INFO - [PropertyPlaceholderConfigurer]: Loading properties file from class path resource [defaultContext.properties]
2018-12-29 19:38:34 - INFO - [ConfigurationFactory]: aabbManager: it.gius.pePpe.aabb.sap.AABBSweepAndPrune
2018-12-29 19:38:34 - INFO - [ConfigurationFactory]: aabbUpdater: it.gius.pePpe.aabb.AABBUpdater
2018-12-29 19:38:34 - INFO - [ConfigurationFactory]: distance2: it.gius.pePpe.distance.GjkDistanceStatelessImpl
2018-12-29 19:38:34 - INFO - [ConfigurationFactory]: collision: it.gius.pePpe.collision.FullDistanceCollision
2018-12-29 19:38:34 - INFO - [ConfigurationFactory]: simulator: it.gius.pePpe.simulator.processing.ProcessingSimulator
2018-12-29 19:38:34 - INFO - [ConfigurationFactory]: singleStepIntegrator: it.gius.pePpe.integrator.RK4Integrator
2018-12-29 19:38:34 - INFO - [ConfigurationFactory]: doubleStepIntegrator: it.gius.pePpe.integrator.EulerIntegrator
2018-12-29 19:38:34 - INFO - [ConfigurationFactory]: contactManager: it.gius.pePpe.contact.ContactManager
2018-12-29 19:38:34 - INFO - [ProcessingSimulator]: starting simulation: Single Cloth
2018-12-29 19:39:27 - INFO - [SimpleNotifier]: Simulation Single Cloth ended for time elapsed
2018-12-29 19:39:54 - INFO - [ConfigurationFactory]: xml file: beans-pePpe.xml
2018-12-29 19:39:54 - INFO - [ConfigurationFactory]: default properties file: defaultContext.properties
2018-12-29 19:39:54 - INFO - [XmlBeanDefinitionReader]: Loading XML bean definitions from class path resource [beans-pePpe.xml]
2018-12-29 19:39:54 - INFO - [PropertyPlaceholderConfigurer]: Loading properties file from class path resource [defaultContext.properties]
2018-12-29 19:39:54 - INFO - [ConfigurationFactory]: aabbManager: it.gius.pePpe.aabb.sap.AABBSweepAndPrune
2018-12-29 19:39:54 - INFO - [ConfigurationFactory]: aabbUpdater: it.gius.pePpe.aabb.AABBUpdater
2018-12-29 19:39:54 - INFO - [ConfigurationFactory]: distance2: it.gius.pePpe.distance.GjkDistanceStatelessImpl
2018-12-29 19:39:54 - INFO - [ConfigurationFactory]: collision: it.gius.pePpe.collision.FullDistanceCollision
2018-12-29 19:39:54 - INFO - [ConfigurationFactory]: simulator: it.gius.pePpe.simulator.processing.ProcessingSimulator
2018-12-29 19:39:54 - INFO - [ConfigurationFactory]: singleStepIntegrator: it.gius.pePpe.integrator.RK4Integrator
2018-12-29 19:39:54 - INFO - [ConfigurationFactory]: doubleStepIntegrator: it.gius.pePpe.integrator.EulerIntegrator
2018-12-29 19:39:54 - INFO - [ConfigurationFactory]: contactManager: it.gius.pePpe.contact.ContactManager
2018-12-29 19:39:54 - INFO - [ProcessingSimulator]: starting simulation: Box stacking
2018-12-29 19:40:00 - DEBUG - [EpaAlgorithm]: max iterations: 5
2018-12-29 19:40:11 - DEBUG - [EpaAlgorithm]: max iterations: 6
2018-12-29 19:40:18 - DEBUG - [EpaAlgorithm]: max iterations: 7
2018-12-29 19:41:07 - INFO - [SimpleNotifier]: Simulation Box stacking ended!
2018-12-29 19:42:48 - INFO - [ConfigurationFactory]: xml file: beans-pePpe.xml
2018-12-29 19:42:48 - INFO - [ConfigurationFactory]: default properties file: defaultContext.properties
2018-12-29 19:42:49 - INFO - [ConfigurationFactory]: aabbManager: it.gius.pePpe.aabb.sap.AABBSweepAndPrune
2018-12-29 19:42:49 - INFO - [ConfigurationFactory]: aabbUpdater: it.gius.pePpe.aabb.AABBUpdater
2018-12-29 19:42:49 - INFO - [ConfigurationFactory]: distance2: it.gius.pePpe.distance.GjkDistanceStatelessImpl
2018-12-29 19:42:49 - INFO - [ConfigurationFactory]: collision: it.gius.pePpe.collision.FullDistanceCollision
2018-12-29 19:42:49 - INFO - [ConfigurationFactory]: simulator: it.gius.pePpe.simulator.processing.ProcessingSimulator
2018-12-29 19:42:49 - INFO - [ConfigurationFactory]: singleStepIntegrator: it.gius.pePpe.integrator.RK4Integrator
2018-12-29 19:42:49 - INFO - [ConfigurationFactory]: doubleStepIntegrator: it.gius.pePpe.integrator.EulerIntegrator
2018-12-29 19:42:49 - INFO - [ConfigurationFactory]: contactManager: it.gius.pePpe.contact.ContactManager
2018-12-29 19:42:49 - INFO - [ProcessingSimulator]: starting simulation: BoxStack
2018-12-29 19:43:06 - INFO - [SimpleNotifier]: Simulation BoxStack ended!
2018-12-29 19:43:20 - INFO - [ConfigurationFactory]: xml file: beans-pePpe.xml
2018-12-29 19:43:20 - INFO - [ConfigurationFactory]: default properties file: defaultContext.properties
2018-12-29 19:43:20 - INFO - [ConfigurationFactory]: user properties file: clothTest.properties
2018-12-29 19:43:21 - INFO - [ConfigurationFactory]: aabbManager: it.gius.pePpe.aabb.sap.AABBSweepAndPrune
2018-12-29 19:43:22 - INFO - [ConfigurationFactory]: aabbUpdater: it.gius.pePpe.aabb.AABBUpdater
2018-12-29 19:43:22 - INFO - [ConfigurationFactory]: distance2: it.gius.pePpe.distance.GjkDistanceStatelessImpl
2018-12-29 19:43:22 - INFO - [ConfigurationFactory]: collision: it.gius.pePpe.collision.FullDistanceCollision
2018-12-29 19:43:22 - INFO - [ConfigurationFactory]: simulator: it.gius.pePpe.simulator.processing.ProcessingSimulator
2018-12-29 19:43:22 - INFO - [ConfigurationFactory]: singleStepIntegrator: it.gius.pePpe.integrator.RK4Integrator
2018-12-29 19:43:22 - INFO - [ConfigurationFactory]: doubleStepIntegrator: it.gius.pePpe.integrator.EulerIntegrator
2018-12-29 19:43:22 - INFO - [ConfigurationFactory]: contactManager: it.gius.pePpe.contact.ContactManager
2018-12-29 19:43:23 - INFO - [ProcessingSimulator]: starting simulation: singleCloth
2018-12-29 19:43:59 - INFO - [SimpleNotifier]: Simulation singleCloth ended before time elapsed
2018-12-29 19:44:14 - INFO - [ConfigurationFactory]: xml file: beans-pePpe.xml
2018-12-29 19:44:14 - INFO - [ConfigurationFactory]: default properties file: defaultContext.properties
2018-12-29 19:44:14 - INFO - [ConfigurationFactory]: user properties file: distanceTest.properties
2018-12-29 19:44:15 - INFO - [ConfigurationFactory]: aabbManager: it.gius.pePpe.aabb.sap.AABBSweepAndPrune
2018-12-29 19:44:15 - INFO - [ConfigurationFactory]: aabbUpdater: it.gius.pePpe.aabb.AABBUpdater
2018-12-29 19:44:15 - INFO - [ConfigurationFactory]: distance2: it.gius.pePpe.distance.GjkDistanceStatelessImpl
2018-12-29 19:44:15 - INFO - [ConfigurationFactory]: collision: it.gius.pePpe.collision.FullDistanceCollision
2018-12-29 19:44:15 - INFO - [ConfigurationFactory]: simulator: it.gius.pePpe.simulator.processing.ProcessingSimulator
2018-12-29 19:44:15 - INFO - [ConfigurationFactory]: singleStepIntegrator: it.gius.pePpe.integrator.RK4Integrator
2018-12-29 19:44:15 - INFO - [ConfigurationFactory]: doubleStepIntegrator: it.gius.pePpe.integrator.EulerIntegrator
2018-12-29 19:44:15 - INFO - [ConfigurationFactory]: contactManager: it.gius.pePpe.contact.ContactManager
2018-12-29 19:44:16 - INFO - [ProcessingSimulator]: starting simulation: simpleDistance
2018-12-29 19:44:17 - DEBUG - [GjkStandardAlgorithm]: max iterations: 1
2018-12-29 19:44:20 - DEBUG - [GjkStandardAlgorithm]: max iterations: 2
2018-12-29 19:44:22 - DEBUG - [GjkStandardAlgorithm]: max iterations: 3
2018-12-29 19:44:30 - INFO - [SimpleNotifier]: Simulation simpleDistance ended!
2018-12-29 19:44:46 - INFO - [ConfigurationFactory]: xml file: beans-pePpe.xml
2018-12-29 19:44:46 - INFO - [ConfigurationFactory]: default properties file: defaultContext.properties
2018-12-29 19:44:47 - INFO - [ConfigurationFactory]: aabbManager: it.gius.pePpe.aabb.sap.AABBSweepAndPrune
2018-12-29 19:44:47 - INFO - [ConfigurationFactory]: aabbUpdater: it.gius.pePpe.aabb.AABBUpdater
2018-12-29 19:44:47 - INFO - [ConfigurationFactory]: distance2: it.gius.pePpe.distance.GjkDistanceStatelessImpl
2018-12-29 19:44:47 - INFO - [ConfigurationFactory]: collision: it.gius.pePpe.collision.FullDistanceCollision
2018-12-29 19:44:48 - INFO - [ConfigurationFactory]: simulator: it.gius.pePpe.simulator.processing.ProcessingSimulator
2018-12-29 19:44:48 - INFO - [ConfigurationFactory]: singleStepIntegrator: it.gius.pePpe.integrator.RK4Integrator
2018-12-29 19:44:48 - INFO - [ConfigurationFactory]: doubleStepIntegrator: it.gius.pePpe.integrator.EulerIntegrator
2018-12-29 19:44:48 - INFO - [ConfigurationFactory]: contactManager: it.gius.pePpe.contact.ContactManager
2018-12-29 19:44:48 - INFO - [ProcessingSimulator]: starting simulation: Moving
2018-12-29 19:44:52 - DEBUG - [GjkStandardAlgorithm]: max iterations: 1
2018-12-29 19:44:54 - DEBUG - [GjkStandardAlgorithm]: max iterations: 3
2018-12-29 19:44:57 - DEBUG - [EpaAlgorithm]: max iterations: 5
2018-12-29 19:45:04 - INFO - [SimpleNotifier]: Simulation Moving ended!
2018-12-29 19:45:19 - INFO - [ConfigurationFactory]: xml file: beans-pePpe.xml
2018-12-29 19:45:19 - INFO - [ConfigurationFactory]: default properties file: defaultContext.properties
2018-12-29 19:45:19 - INFO - [ConfigurationFactory]: user properties file: springTest.properties
2018-12-29 19:45:20 - INFO - [ConfigurationFactory]: aabbManager: it.gius.pePpe.aabb.sap.AABBSweepAndPrune
2018-12-29 19:45:20 - INFO - [ConfigurationFactory]: aabbUpdater: it.gius.pePpe.aabb.AABBUpdater
2018-12-29 19:45:21 - INFO - [ConfigurationFactory]: distance2: it.gius.pePpe.distance.GjkDistanceStatelessImpl
2018-12-29 19:45:21 - INFO - [ConfigurationFactory]: collision: it.gius.pePpe.collision.FullDistanceCollision
2018-12-29 19:45:21 - INFO - [ConfigurationFactory]: simulator: it.gius.pePpe.simulator.processing.ProcessingSimulator
2018-12-29 19:45:21 - INFO - [ConfigurationFactory]: singleStepIntegrator: it.gius.pePpe.integrator.RK4Integrator
2018-12-29 19:45:21 - INFO - [ConfigurationFactory]: doubleStepIntegrator: it.gius.pePpe.integrator.EulerIntegrator
2018-12-29 19:45:21 - INFO - [ConfigurationFactory]: contactManager: it.gius.pePpe.contact.ContactManager
2018-12-29 19:45:21 - INFO - [ProcessingSimulator]: starting simulation: simpleSpring
2018-12-29 19:46:22 - INFO - [SimpleNotifier]: Simulation simpleSpring ended before time elapsed
2018-12-29 19:46:48 - INFO - [ConfigurationFactory]: xml file: beans-pePpe.xml
2018-12-29 19:46:48 - INFO - [ConfigurationFactory]: default properties file: defaultContext.properties
2018-12-29 19:46:48 - INFO - [ConfigurationFactory]: user properties file: trainTest.properties
2018-12-29 19:46:49 - INFO - [ConfigurationFactory]: aabbManager: it.gius.pePpe.aabb.sap.AABBSweepAndPrune
2018-12-29 19:46:49 - INFO - [ConfigurationFactory]: aabbUpdater: it.gius.pePpe.aabb.AABBUpdater
2018-12-29 19:46:50 - INFO - [ConfigurationFactory]: distance2: it.gius.pePpe.distance.GjkDistanceStatelessImpl
2018-12-29 19:46:50 - INFO - [ConfigurationFactory]: collision: it.gius.pePpe.collision.FullDistanceCollision
2018-12-29 19:46:50 - INFO - [ConfigurationFactory]: simulator: it.gius.pePpe.simulator.processing.ProcessingSimulator
2018-12-29 19:46:50 - INFO - [ConfigurationFactory]: singleStepIntegrator: it.gius.pePpe.integrator.RK4Integrator
2018-12-29 19:46:50 - INFO - [ConfigurationFactory]: doubleStepIntegrator: it.gius.pePpe.integrator.EulerIntegrator
2018-12-29 19:46:50 - INFO - [ConfigurationFactory]: contactManager: it.gius.pePpe.contact.ContactManager
2018-12-29 19:46:50 - INFO - [ProcessingSimulator]: starting simulation: Train
2018-12-29 19:47:23 - INFO - [SimpleNotifier]: Simulation Train ended for time elapsed
2018-12-29 20:00:06 - INFO - [ConfigurationFactory]: xml file: beans-pePpe.xml
2018-12-29 20:00:06 - INFO - [ConfigurationFactory]: default properties file: defaultContext.properties
2018-12-29 20:00:06 - INFO - [ConfigurationFactory]: user properties file: Moving-pePpe.properties
2018-12-29 20:00:06 - INFO - [XmlBeanDefinitionReader]: Loading XML bean definitions from class path resource [beans-pePpe.xml]
2018-12-29 20:00:06 - INFO - [PropertyPlaceholderConfigurer]: Loading properties file from class path resource [defaultContext.properties]
2018-12-29 20:00:06 - INFO - [PropertyPlaceholderConfigurer]: Loading properties file from class path resource [Moving-pePpe.properties]
2018-12-29 20:00:06 - INFO - [ConfigurationFactory]: aabbManager: it.gius.pePpe.aabb.sap.AABBSweepAndPrune
2018-12-29 20:00:06 - INFO - [ConfigurationFactory]: aabbUpdater: it.gius.pePpe.aabb.AABBUpdater
2018-12-29 20:00:06 - INFO - [ConfigurationFactory]: distance2: it.gius.pePpe.distance.GjkDistanceStatelessImpl
2018-12-29 20:00:06 - INFO - [ConfigurationFactory]: collision: it.gius.pePpe.collision.FullDistanceCollision
2018-12-29 20:00:06 - INFO - [ConfigurationFactory]: simulator: it.gius.pePpe.simulator.processing.ProcessingSimulator
2018-12-29 20:00:06 - INFO - [ConfigurationFactory]: singleStepIntegrator: it.gius.pePpe.integrator.RK4Integrator
2018-12-29 20:00:06 - INFO - [ConfigurationFactory]: doubleStepIntegrator: it.gius.pePpe.integrator.EulerIntegrator
2018-12-29 20:00:07 - INFO - [ConfigurationFactory]: contactManager: it.gius.pePpe.contact.ContactManager
2018-12-29 20:00:07 - INFO - [ProcessingSimulator]: starting simulation: Moving
2018-12-29 20:00:09 - DEBUG - [GjkStandardAlgorithm]: max iterations: 1
2018-12-29 20:00:11 - DEBUG - [GjkStandardAlgorithm]: max iterations: 3
2018-12-29 20:00:13 - DEBUG - [EpaAlgorithm]: max iterations: 5
2018-12-29 20:00:25 - INFO - [SimpleNotifier]: Simulation Moving ended for time elapsed
2018-12-29 20:19:16 - INFO - [ConfigurationFactory]: xml file: beans-pePpe.xml
2018-12-29 20:19:16 - INFO - [ConfigurationFactory]: default properties file: defaultContext.properties
2018-12-29 20:19:16 - INFO - [ConfigurationFactory]: user properties file: Train-pePpe.properties
2018-12-29 20:19:16 - INFO - [XmlBeanDefinitionReader]: Loading XML bean definitions from class path resource [beans-pePpe.xml]
2018-12-29 20:19:16 - INFO - [PropertyPlaceholderConfigurer]: Loading properties file from class path resource [defaultContext.properties]
2018-12-29 20:19:16 - INFO - [PropertyPlaceholderConfigurer]: Loading properties file from class path resource [Train-pePpe.properties]
2018-12-29 20:19:17 - INFO - [ConfigurationFactory]: aabbManager: it.gius.pePpe.aabb.sap.AABBSweepAndPrune
2018-12-29 20:19:17 - INFO - [ConfigurationFactory]: aabbUpdater: it.gius.pePpe.aabb.AABBUpdater
2018-12-29 20:19:17 - INFO - [ConfigurationFactory]: distance2: it.gius.pePpe.distance.GjkDistanceStatelessImpl
2018-12-29 20:19:17 - INFO - [ConfigurationFactory]: collision: it.gius.pePpe.collision.FullDistanceCollision
2018-12-29 20:19:17 - INFO - [ConfigurationFactory]: simulator: it.gius.pePpe.simulator.processing.ProcessingSimulator
2018-12-29 20:19:17 - INFO - [ConfigurationFactory]: singleStepIntegrator: it.gius.pePpe.integrator.RK4Integrator
2018-12-29 20:19:17 - INFO - [ConfigurationFactory]: doubleStepIntegrator: it.gius.pePpe.integrator.EulerIntegrator
2018-12-29 20:19:17 - INFO - [ConfigurationFactory]: contactManager: it.gius.pePpe.contact.ContactManager
2018-12-29 20:19:17 - INFO - [ProcessingSimulator]: starting simulation: Train
2018-12-29 20:19:36 - INFO - [SimpleNotifier]: Simulation Train ended for time elapsed
2018-12-29 20:22:57 - INFO - [ConfigurationFactory]: xml file: beans-pePpe.xml
2018-12-29 20:22:57 - INFO - [ConfigurationFactory]: default properties file: defaultContext.properties
2018-12-29 20:22:57 - INFO - [ConfigurationFactory]: user properties file: Train-pePpe.properties
2018-12-29 20:22:57 - INFO - [XmlBeanDefinitionReader]: Loading XML bean definitions from class path resource [beans-pePpe.xml]
2018-12-29 20:22:57 - INFO - [PropertyPlaceholderConfigurer]: Loading properties file from class path resource [defaultContext.properties]
2018-12-29 20:22:57 - INFO - [PropertyPlaceholderConfigurer]: Loading properties file from class path resource [Train-pePpe.properties]
2018-12-29 20:22:57 - INFO - [ConfigurationFactory]: aabbManager: it.gius.pePpe.aabb.sap.AABBSweepAndPrune
2018-12-29 20:22:57 - INFO - [ConfigurationFactory]: aabbUpdater: it.gius.pePpe.aabb.AABBUpdater
2018-12-29 20:22:57 - INFO - [ConfigurationFactory]: distance2: it.gius.pePpe.distance.GjkDistanceStatelessImpl
2018-12-29 20:22:57 - INFO - [ConfigurationFactory]: collision: it.gius.pePpe.collision.FullDistanceCollision
2018-12-29 20:22:57 - INFO - [ConfigurationFactory]: simulator: it.gius.pePpe.simulator.processing.ProcessingSimulator
2018-12-29 20:22:57 - INFO - [ConfigurationFactory]: singleStepIntegrator: it.gius.pePpe.integrator.RK4Integrator
2018-12-29 20:22:57 - INFO - [ConfigurationFactory]: doubleStepIntegrator: it.gius.pePpe.integrator.EulerIntegrator
2018-12-29 20:22:57 - INFO - [ConfigurationFactory]: contactManager: it.gius.pePpe.contact.ContactManager
2018-12-29 20:22:57 - INFO - [ProcessingSimulator]: starting simulation: Train
2018-12-29 20:23:27 - INFO - [SimpleNotifier]: Simulation Train ended for time elapsed
2018-12-29 20:32:52 - INFO - [ConfigurationFactory]: xml file: beans-pePpe.xml
2018-12-29 20:32:52 - INFO - [ConfigurationFactory]: default properties file: defaultContext.properties
2018-12-29 20:32:52 - INFO - [ConfigurationFactory]: user properties file: Train-pePpe.properties
2018-12-29 20:32:52 - INFO - [XmlBeanDefinitionReader]: Loading XML bean definitions from class path resource [beans-pePpe.xml]
2018-12-29 20:32:52 - INFO - [PropertyPlaceholderConfigurer]: Loading properties file from class path resource [defaultContext.properties]
2018-12-29 20:32:52 - INFO - [PropertyPlaceholderConfigurer]: Loading properties file from class path resource [Train-pePpe.properties]
2018-12-29 20:32:52 - INFO - [ConfigurationFactory]: aabbManager: it.gius.pePpe.aabb.sap.AABBSweepAndPrune
2018-12-29 20:32:52 - INFO - [ConfigurationFactory]: aabbUpdater: it.gius.pePpe.aabb.AABBUpdater
2018-12-29 20:32:52 - INFO - [ConfigurationFactory]: distance2: it.gius.pePpe.distance.GjkDistanceStatelessImpl
2018-12-29 20:32:52 - INFO - [ConfigurationFactory]: collision: it.gius.pePpe.collision.FullDistanceCollision
2018-12-29 20:32:52 - INFO - [ConfigurationFactory]: simulator: it.gius.pePpe.simulator.processing.ProcessingSimulator
2018-12-29 20:32:52 - INFO - [ConfigurationFactory]: singleStepIntegrator: it.gius.pePpe.integrator.RK4Integrator
2018-12-29 20:32:52 - INFO - [ConfigurationFactory]: doubleStepIntegrator: it.gius.pePpe.integrator.EulerIntegrator
2018-12-29 20:32:52 - INFO - [ConfigurationFactory]: contactManager: it.gius.pePpe.contact.ContactManager
2018-12-29 20:32:52 - INFO - [ProcessingSimulator]: starting simulation: Train
2018-12-29 20:33:22 - INFO - [SimpleNotifier]: Simulation Train ended for time elapsed
2018-12-29 20:33:42 - INFO - [ConfigurationFactory]: xml file: beans-pePpe.xml
2018-12-29 20:33:42 - INFO - [ConfigurationFactory]: default properties file: defaultContext.properties
2018-12-29 20:33:42 - INFO - [ConfigurationFactory]: user properties file: Train-pePpe.properties
2018-12-29 20:33:42 - INFO - [XmlBeanDefinitionReader]: Loading XML bean definitions from class path resource [beans-pePpe.xml]
2018-12-29 20:33:42 - INFO - [PropertyPlaceholderConfigurer]: Loading properties file from class path resource [defaultContext.properties]
2018-12-29 20:33:42 - INFO - [PropertyPlaceholderConfigurer]: Loading properties file from class path resource [Train-pePpe.properties]
2018-12-29 20:33:42 - INFO - [ConfigurationFactory]: aabbManager: it.gius.pePpe.aabb.sap.AABBSweepAndPrune
2018-12-29 20:33:42 - INFO - [ConfigurationFactory]: aabbUpdater: it.gius.pePpe.aabb.AABBUpdater
2018-12-29 20:33:42 - INFO - [ConfigurationFactory]: distance2: it.gius.pePpe.distance.GjkDistanceStatelessImpl
2018-12-29 20:33:42 - INFO - [ConfigurationFactory]: collision: it.gius.pePpe.collision.FullDistanceCollision
2018-12-29 20:33:42 - INFO - [ConfigurationFactory]: simulator: it.gius.pePpe.simulator.processing.ProcessingSimulator
2018-12-29 20:33:42 - INFO - [ConfigurationFactory]: singleStepIntegrator: it.gius.pePpe.integrator.RK4Integrator
2018-12-29 20:33:42 - INFO - [ConfigurationFactory]: doubleStepIntegrator: it.gius.pePpe.integrator.EulerIntegrator
2018-12-29 20:33:42 - INFO - [ConfigurationFactory]: contactManager: it.gius.pePpe.contact.ContactManager
2018-12-29 20:33:42 - INFO - [ProcessingSimulator]: starting simulation: Train
2018-12-29 20:34:11 - INFO - [SimpleNotifier]: Simulation Train ended for time elapsed
2018-12-29 20:35:01 - INFO - [ConfigurationFactory]: xml file: beans-pePpe.xml
2018-12-29 20:35:01 - INFO - [ConfigurationFactory]: default properties file: defaultContext.properties
2018-12-29 20:35:01 - INFO - [ConfigurationFactory]: user properties file: Train-pePpe.properties
2018-12-29 20:35:01 - INFO - [XmlBeanDefinitionReader]: Loading XML bean definitions from class path resource [beans-pePpe.xml]
2018-12-29 20:35:01 - INFO - [PropertyPlaceholderConfigurer]: Loading properties file from class path resource [defaultContext.properties]
2018-12-29 20:35:01 - INFO - [PropertyPlaceholderConfigurer]: Loading properties file from class path resource [Train-pePpe.properties]
2018-12-29 20:35:01 - INFO - [ConfigurationFactory]: aabbManager: it.gius.pePpe.aabb.sap.AABBSweepAndPrune
2018-12-29 20:35:01 - INFO - [ConfigurationFactory]: aabbUpdater: it.gius.pePpe.aabb.AABBUpdater
2018-12-29 20:35:01 - INFO - [ConfigurationFactory]: distance2: it.gius.pePpe.distance.GjkDistanceStatelessImpl
2018-12-29 20:35:01 - INFO - [ConfigurationFactory]: collision: it.gius.pePpe.collision.FullDistanceCollision
2018-12-29 20:35:01 - INFO - [ConfigurationFactory]: simulator: it.gius.pePpe.simulator.processing.ProcessingSimulator
2018-12-29 20:35:01 - INFO - [ConfigurationFactory]: singleStepIntegrator: it.gius.pePpe.integrator.RK4Integrator
2018-12-29 20:35:01 - INFO - [ConfigurationFactory]: doubleStepIntegrator: it.gius.pePpe.integrator.EulerIntegrator
2018-12-29 20:35:01 - INFO - [ConfigurationFactory]: contactManager: it.gius.pePpe.contact.ContactManager
2018-12-29 20:35:01 - INFO - [ProcessingSimulator]: starting simulation: Train
2018-12-29 20:35:11 - INFO - [SimpleNotifier]: Simulation Train ended before time elapsed
2018-12-29 20:35:27 - INFO - [ConfigurationFactory]: xml file: beans-pePpe.xml
2018-12-29 20:35:27 - INFO - [ConfigurationFactory]: default properties file: defaultContext.properties
2018-12-29 20:35:27 - INFO - [ConfigurationFactory]: user properties file: Train-pePpe.properties
2018-12-29 20:35:27 - INFO - [XmlBeanDefinitionReader]: Loading XML bean definitions from class path resource [beans-pePpe.xml]
2018-12-29 20:35:27 - INFO - [PropertyPlaceholderConfigurer]: Loading properties file from class path resource [defaultContext.properties]
2018-12-29 20:35:27 - INFO - [PropertyPlaceholderConfigurer]: Loading properties file from class path resource [Train-pePpe.properties]
2018-12-29 20:35:27 - INFO - [ConfigurationFactory]: aabbManager: it.gius.pePpe.aabb.sap.AABBSweepAndPrune
2018-12-29 20:35:27 - INFO - [ConfigurationFactory]: aabbUpdater: it.gius.pePpe.aabb.AABBUpdater
2018-12-29 20:35:27 - INFO - [ConfigurationFactory]: distance2: it.gius.pePpe.distance.GjkDistanceStatelessImpl
2018-12-29 20:35:27 - INFO - [ConfigurationFactory]: collision: it.gius.pePpe.collision.FullDistanceCollision
2018-12-29 20:35:27 - INFO - [ConfigurationFactory]: simulator: it.gius.pePpe.simulator.processing.ProcessingSimulator
2018-12-29 20:35:27 - INFO - [ConfigurationFactory]: singleStepIntegrator: it.gius.pePpe.integrator.RK4Integrator
2018-12-29 20:35:27 - INFO - [ConfigurationFactory]: doubleStepIntegrator: it.gius.pePpe.integrator.EulerIntegrator
2018-12-29 20:35:27 - INFO - [ConfigurationFactory]: contactManager: it.gius.pePpe.contact.ContactManager
2018-12-29 20:35:27 - INFO - [ProcessingSimulator]: starting simulation: Train
2018-12-29 20:35:31 - INFO - [SimpleNotifier]: Simulation Train ended before time elapsed
2018-12-29 20:35:45 - INFO - [ConfigurationFactory]: xml file: beans-pePpe.xml
2018-12-29 20:35:45 - INFO - [ConfigurationFactory]: default properties file: defaultContext.properties
2018-12-29 20:35:45 - INFO - [ConfigurationFactory]: user properties file: Train-pePpe.properties
2018-12-29 20:35:45 - INFO - [XmlBeanDefinitionReader]: Loading XML bean definitions from class path resource [beans-pePpe.xml]
2018-12-29 20:35:45 - INFO - [PropertyPlaceholderConfigurer]: Loading properties file from class path resource [defaultContext.properties]
2018-12-29 20:35:45 - INFO - [PropertyPlaceholderConfigurer]: Loading properties file from class path resource [Train-pePpe.properties]
2018-12-29 20:35:45 - INFO - [ConfigurationFactory]: aabbManager: it.gius.pePpe.aabb.sap.AABBSweepAndPrune
2018-12-29 20:35:45 - INFO - [ConfigurationFactory]: aabbUpdater: it.gius.pePpe.aabb.AABBUpdater
2018-12-29 20:35:45 - INFO - [ConfigurationFactory]: distance2: it.gius.pePpe.distance.GjkDistanceStatelessImpl
2018-12-29 20:35:45 - INFO - [ConfigurationFactory]: collision: it.gius.pePpe.collision.FullDistanceCollision
2018-12-29 20:35:45 - INFO - [ConfigurationFactory]: simulator: it.gius.pePpe.simulator.processing.ProcessingSimulator
2018-12-29 20:35:45 - INFO - [ConfigurationFactory]: singleStepIntegrator: it.gius.pePpe.integrator.RK4Integrator
2018-12-29 20:35:45 - INFO - [ConfigurationFactory]: doubleStepIntegrator: it.gius.pePpe.integrator.EulerIntegrator
2018-12-29 20:35:45 - INFO - [ConfigurationFactory]: contactManager: it.gius.pePpe.contact.ContactManager
2018-12-29 20:35:45 - INFO - [ProcessingSimulator]: starting simulation: Train
2018-12-29 20:35:48 - INFO - [SimpleNotifier]: Simulation Train ended before time elapsed
2018-12-29 20:35:59 - INFO - [ConfigurationFactory]: xml file: beans-pePpe.xml
2018-12-29 20:35:59 - INFO - [ConfigurationFactory]: default properties file: defaultContext.properties
2018-12-29 20:35:59 - INFO - [ConfigurationFactory]: user properties file: Train-pePpe.properties
2018-12-29 20:35:59 - INFO - [XmlBeanDefinitionReader]: Loading XML bean definitions from class path resource [beans-pePpe.xml]
2018-12-29 20:35:59 - INFO - [PropertyPlaceholderConfigurer]: Loading properties file from class path resource [defaultContext.properties]
2018-12-29 20:35:59 - INFO - [PropertyPlaceholderConfigurer]: Loading properties file from class path resource [Train-pePpe.properties]
2018-12-29 20:35:59 - INFO - [ConfigurationFactory]: aabbManager: it.gius.pePpe.aabb.sap.AABBSweepAndPrune
2018-12-29 20:35:59 - INFO - [ConfigurationFactory]: aabbUpdater: it.gius.pePpe.aabb.AABBUpdater
2018-12-29 20:35:59 - INFO - [ConfigurationFactory]: distance2: it.gius.pePpe.distance.GjkDistanceStatelessImpl
2018-12-29 20:35:59 - INFO - [ConfigurationFactory]: collision: it.gius.pePpe.collision.FullDistanceCollision
2018-12-29 20:35:59 - INFO - [ConfigurationFactory]: simulator: it.gius.pePpe.simulator.processing.ProcessingSimulator
2018-12-29 20:35:59 - INFO - [ConfigurationFactory]: singleStepIntegrator: it.gius.pePpe.integrator.RK4Integrator
2018-12-29 20:35:59 - INFO - [ConfigurationFactory]: doubleStepIntegrator: it.gius.pePpe.integrator.EulerIntegrator
2018-12-29 20:35:59 - INFO - [ConfigurationFactory]: contactManager: it.gius.pePpe.contact.ContactManager
2018-12-29 20:35:59 - INFO - [ProcessingSimulator]: starting simulation: Train
2018-12-29 20:36:02 - INFO - [SimpleNotifier]: Simulation Train ended before time elapsed
2018-12-29 20:36:16 - INFO - [ConfigurationFactory]: xml file: beans-pePpe.xml
2018-12-29 20:36:16 - INFO - [ConfigurationFactory]: default properties file: defaultContext.properties
2018-12-29 20:36:16 - INFO - [ConfigurationFactory]: user properties file: Train-pePpe.properties
2018-12-29 20:36:16 - INFO - [XmlBeanDefinitionReader]: Loading XML bean definitions from class path resource [beans-pePpe.xml]
2018-12-29 20:36:16 - INFO - [PropertyPlaceholderConfigurer]: Loading properties file from class path resource [defaultContext.properties]
2018-12-29 20:36:16 - INFO - [PropertyPlaceholderConfigurer]: Loading properties file from class path resource [Train-pePpe.properties]
2018-12-29 20:36:16 - INFO - [ConfigurationFactory]: aabbManager: it.gius.pePpe.aabb.sap.AABBSweepAndPrune
2018-12-29 20:36:16 - INFO - [ConfigurationFactory]: aabbUpdater: it.gius.pePpe.aabb.AABBUpdater
2018-12-29 20:36:16 - INFO - [ConfigurationFactory]: distance2: it.gius.pePpe.distance.GjkDistanceStatelessImpl
2018-12-29 20:36:16 - INFO - [ConfigurationFactory]: collision: it.gius.pePpe.collision.FullDistanceCollision
2018-12-29 20:36:16 - INFO - [ConfigurationFactory]: simulator: it.gius.pePpe.simulator.processing.ProcessingSimulator
2018-12-29 20:36:16 - INFO - [ConfigurationFactory]: singleStepIntegrator: it.gius.pePpe.integrator.RK4Integrator
2018-12-29 20:36:16 - INFO - [ConfigurationFactory]: doubleStepIntegrator: it.gius.pePpe.integrator.EulerIntegrator
2018-12-29 20:36:16 - INFO - [ConfigurationFactory]: contactManager: it.gius.pePpe.contact.ContactManager
2018-12-29 20:36:16 - INFO - [ProcessingSimulator]: starting simulation: Train
2018-12-29 20:36:45 - INFO - [SimpleNotifier]: Simulation Train ended for time elapsed
2018-12-29 20:38:34 - INFO - [ConfigurationFactory]: xml file: beans-pePpe.xml
2018-12-29 20:38:34 - INFO - [ConfigurationFactory]: default properties file: defaultContext.properties
2018-12-29 20:38:34 - INFO - [ConfigurationFactory]: user properties file: Train-pePpe.properties
2018-12-29 20:38:34 - INFO - [XmlBeanDefinitionReader]: Loading XML bean definitions from class path resource [beans-pePpe.xml]
2018-12-29 20:38:34 - INFO - [PropertyPlaceholderConfigurer]: Loading properties file from class path resource [defaultContext.properties]
2018-12-29 20:38:34 - INFO - [PropertyPlaceholderConfigurer]: Loading properties file from class path resource [Train-pePpe.properties]
2018-12-29 20:38:34 - INFO - [ConfigurationFactory]: aabbManager: it.gius.pePpe.aabb.sap.AABBSweepAndPrune
2018-12-29 20:38:34 - INFO - [ConfigurationFactory]: aabbUpdater: it.gius.pePpe.aabb.AABBUpdater
2018-12-29 20:38:34 - INFO - [ConfigurationFactory]: distance2: it.gius.pePpe.distance.GjkDistanceStatelessImpl
2018-12-29 20:38:34 - INFO - [ConfigurationFactory]: collision: it.gius.pePpe.collision.FullDistanceCollision
2018-12-29 20:38:34 - INFO - [ConfigurationFactory]: simulator: it.gius.pePpe.simulator.processing.ProcessingSimulator
2018-12-29 20:38:34 - INFO - [ConfigurationFactory]: singleStepIntegrator: it.gius.pePpe.integrator.RK4Integrator
2018-12-29 20:38:34 - INFO - [ConfigurationFactory]: doubleStepIntegrator: it.gius.pePpe.integrator.EulerIntegrator
2018-12-29 20:38:34 - INFO - [ConfigurationFactory]: contactManager: it.gius.pePpe.contact.ContactManager
2018-12-29 20:38:34 - INFO - [ProcessingSimulator]: starting simulation: Train
2018-12-29 20:39:03 - INFO - [SimpleNotifier]: Simulation Train ended for time elapsed
2018-12-29 20:48:40 - INFO - [ConfigurationFactory]: xml file: beans-pePpe.xml
2018-12-29 20:48:40 - INFO - [ConfigurationFactory]: default properties file: defaultContext.properties
2018-12-29 20:48:40 - INFO - [ConfigurationFactory]: user properties file: Train-pePpe.properties
2018-12-29 20:48:40 - INFO - [XmlBeanDefinitionReader]: Loading XML bean definitions from class path resource [beans-pePpe.xml]
2018-12-29 20:48:40 - INFO - [PropertyPlaceholderConfigurer]: Loading properties file from class path resource [defaultContext.properties]
2018-12-29 20:48:40 - INFO - [PropertyPlaceholderConfigurer]: Loading properties file from class path resource [Train-pePpe.properties]
2018-12-29 20:48:40 - INFO - [ConfigurationFactory]: aabbManager: it.gius.pePpe.aabb.sap.AABBSweepAndPrune
2018-12-29 20:48:40 - INFO - [ConfigurationFactory]: aabbUpdater: it.gius.pePpe.aabb.AABBUpdater
2018-12-29 20:48:40 - INFO - [ConfigurationFactory]: distance2: it.gius.pePpe.distance.GjkDistanceStatelessImpl
2018-12-29 20:48:40 - INFO - [ConfigurationFactory]: collision: it.gius.pePpe.collision.FullDistanceCollision
2018-12-29 20:48:40 - INFO - [ConfigurationFactory]: simulator: it.gius.pePpe.simulator.processing.ProcessingSimulator
2018-12-29 20:48:40 - INFO - [ConfigurationFactory]: singleStepIntegrator: it.gius.pePpe.integrator.RK4Integrator
2018-12-29 20:48:40 - INFO - [ConfigurationFactory]: doubleStepIntegrator: it.gius.pePpe.integrator.EulerIntegrator
2018-12-29 20:48:40 - INFO - [ConfigurationFactory]: contactManager: it.gius.pePpe.contact.ContactManager
2018-12-29 20:48:40 - INFO - [ProcessingSimulator]: starting simulation: Train
2018-12-29 20:49:10 - INFO - [SimpleNotifier]: Simulation Train ended for time elapsed
2018-12-30 13:59:57 - INFO - [ConfigurationFactory]: xml file: beans-pePpe.xml
2018-12-30 13:59:57 - INFO - [ConfigurationFactory]: default properties file: defaultContext.properties
2018-12-30 13:59:57 - INFO - [ConfigurationFactory]: user properties file: Train-pePpe.properties
2018-12-30 13:59:57 - INFO - [XmlBeanDefinitionReader]: Loading XML bean definitions from class path resource [beans-pePpe.xml]
2018-12-30 13:59:57 - INFO - [PropertyPlaceholderConfigurer]: Loading properties file from class path resource [defaultContext.properties]
2018-12-30 13:59:57 - INFO - [PropertyPlaceholderConfigurer]: Loading properties file from class path resource [Train-pePpe.properties]
2018-12-30 13:59:57 - INFO - [ConfigurationFactory]: aabbManager: it.gius.pePpe.aabb.sap.AABBSweepAndPrune
2018-12-30 13:59:57 - INFO - [ConfigurationFactory]: aabbUpdater: it.gius.pePpe.aabb.AABBUpdater
2018-12-30 13:59:57 - INFO - [ConfigurationFactory]: distance2: it.gius.pePpe.distance.GjkDistanceStatelessImpl
2018-12-30 13:59:57 - INFO - [ConfigurationFactory]: collision: it.gius.pePpe.collision.FullDistanceCollision
2018-12-30 13:59:58 - INFO - [ConfigurationFactory]: simulator: it.gius.pePpe.simulator.processing.ProcessingSimulator
2018-12-30 13:59:58 - INFO - [ConfigurationFactory]: singleStepIntegrator: it.gius.pePpe.integrator.RK4Integrator
2018-12-30 13:59:58 - INFO - [ConfigurationFactory]: doubleStepIntegrator: it.gius.pePpe.integrator.EulerIntegrator
2018-12-30 13:59:58 - INFO - [ConfigurationFactory]: contactManager: it.gius.pePpe.contact.ContactManager
2018-12-30 13:59:58 - INFO - [ProcessingSimulator]: starting simulation: Train
2018-12-30 14:00:30 - INFO - [SimpleNotifier]: Simulation Train ended for time elapsed
2018-12-30 14:06:54 - INFO - [ConfigurationFactory]: xml file: beans-pePpe.xml
2018-12-30 14:06:54 - INFO - [ConfigurationFactory]: default properties file: defaultContext.properties
2018-12-30 14:06:54 - INFO - [ConfigurationFactory]: user properties file: clothTest.properties
2018-12-30 14:06:54 - INFO - [ConfigurationFactory]: aabbManager: it.gius.pePpe.aabb.sap.AABBSweepAndPrune
2018-12-30 14:06:54 - INFO - [ConfigurationFactory]: aabbUpdater: it.gius.pePpe.aabb.AABBUpdater
2018-12-30 14:06:54 - INFO - [ConfigurationFactory]: distance2: it.gius.pePpe.distance.GjkDistanceStatelessImpl
2018-12-30 14:06:54 - INFO - [ConfigurationFactory]: collision: it.gius.pePpe.collision.FullDistanceCollision
2018-12-30 14:06:55 - INFO - [ConfigurationFactory]: simulator: it.gius.pePpe.simulator.processing.ProcessingSimulator
2018-12-30 14:06:55 - INFO - [ConfigurationFactory]: singleStepIntegrator: it.gius.pePpe.integrator.RK4Integrator
2018-12-30 14:06:55 - INFO - [ConfigurationFactory]: doubleStepIntegrator: it.gius.pePpe.integrator.EulerIntegrator
2018-12-30 14:06:55 - INFO - [ConfigurationFactory]: contactManager: it.gius.pePpe.contact.ContactManager
2018-12-30 14:06:55 - INFO - [ProcessingSimulator]: starting simulation: singleCloth
2018-12-30 14:07:11 - INFO - [SimpleNotifier]: Simulation singleCloth ended before time elapsed
2018-12-30 14:07:36 - INFO - [ConfigurationFactory]: xml file: beans-pePpe.xml
2018-12-30 14:07:36 - INFO - [ConfigurationFactory]: default properties file: defaultContext.properties
2018-12-30 14:07:36 - INFO - [ConfigurationFactory]: user properties file: Train-pePpe.properties
2018-12-30 14:07:36 - INFO - [XmlBeanDefinitionReader]: Loading XML bean definitions from class path resource [beans-pePpe.xml]
2018-12-30 14:07:36 - INFO - [PropertyPlaceholderConfigurer]: Loading properties file from class path resource [defaultContext.properties]
2018-12-30 14:07:36 - INFO - [PropertyPlaceholderConfigurer]: Loading properties file from class path resource [Train-pePpe.properties]
2018-12-30 14:07:37 - INFO - [ConfigurationFactory]: aabbManager: it.gius.pePpe.aabb.sap.AABBSweepAndPrune
2018-12-30 14:07:37 - INFO - [ConfigurationFactory]: aabbUpdater: it.gius.pePpe.aabb.AABBUpdater
2018-12-30 14:07:37 - INFO - [ConfigurationFactory]: distance2: it.gius.pePpe.distance.GjkDistanceStatelessImpl
2018-12-30 14:07:37 - INFO - [ConfigurationFactory]: collision: it.gius.pePpe.collision.FullDistanceCollision
2018-12-30 14:07:37 - INFO - [ConfigurationFactory]: simulator: it.gius.pePpe.simulator.processing.ProcessingSimulator
2018-12-30 14:07:37 - INFO - [ConfigurationFactory]: singleStepIntegrator: it.gius.pePpe.integrator.RK4Integrator
2018-12-30 14:07:37 - INFO - [ConfigurationFactory]: doubleStepIntegrator: it.gius.pePpe.integrator.EulerIntegrator
2018-12-30 14:07:37 - INFO - [ConfigurationFactory]: contactManager: it.gius.pePpe.contact.ContactManager
2018-12-30 14:07:38 - INFO - [ProcessingSimulator]: starting simulation: Train
2018-12-30 14:08:11 - INFO - [SimpleNotifier]: Simulation Train ended for time elapsed
